#options: 1024x576 fps=24/1 timebase=1/24 bitdepth=8 cabac=1 ref=1 deblock=1:0:0 analyse=0x1:0 me=dia subme=2 psy=1 psy_rd=1.00:0.00 mixed_ref=0 me_range=16 chroma_me=1 trellis=0 8x8dct=0 cqm=0 deadzone=21,11 fast_pskip=1 chroma_qp_offset=0 threads=2 lookahead_threads=1 sliced_threads=0 nr=0 decimate=1 interlaced=0 bluray_compat=0 constrained_intra=0 bframes=3 b_pyramid=2 b_adapt=1 b_bias=0 direct=1 weightb=1 open_gop=0 weightp=2 keyint=250 keyint_min=24 scenecut=40 intra_refresh=0 rc_lookahead=40 rc=crf mbtree=1 crf=21.0 qcomp=0.60 qpmin=0 qpmax=69 qpstep=4 vbv_maxrate=1000 vbv_bufsize=2000 crf_max=0.0 nal_hrd=none filler=0 ip_ratio=1.40 aq=1:1.00
in:0 out:0 type:I dur:2 cpbdur:2 q:26.26 aq:21.66 tex:500605 mv:60072 misc:6499 imb:2304 pmb:0 smb:0 d:- ref:;
in:1 out:1 type:P dur:2 cpbdur:2 q:27.29 aq:24.56 tex:5013 mv:1848 misc:1011 imb:20 pmb:264 smb:2020 d:- ref:0 ;
in:5 out:2 type:P dur:2 cpbdur:2 q:26.93 aq:17.93 tex:343419 mv:13190 misc:503 imb:1378 pmb:344 smb:582 d:- ref:0 ;
in:3 out:3 type:B dur:2 cpbdur:2 q:27.28 aq:22.35 tex:9876 mv:2129 misc:1011 imb:16 pmb:346 smb:1942 d:- ref:0 ;
in:2 out:4 type:b dur:2 cpbdur:2 q:27.29 aq:26.99 tex:3265 mv:1490 misc:733 imb:13 pmb:240 smb:2051 d:- ref:0 ;
in:4 out:5 type:b dur:2 cpbdur:2 q:27.29 aq:21.03 tex:2334 mv:1516 misc:630 imb:3 pmb:181 smb:2120 d:- ref:0 ;
in:9 out:6 type:P dur:2 cpbdur:2 q:27.18 aq:18.91 tex:42306 mv:3814 misc:1504 imb:61 pmb:623 smb:1620 d:- ref:0 ;
in:7 out:7 type:B dur:2 cpbdur:2 q:27.20 aq:21.40 tex:4483 mv:2274 misc:827 imb:5 pmb:262 smb:2037 d:- ref:0 ;
in:6 out:8 type:b dur:2 cpbdur:2 q:27.22 aq:22.41 tex:1996 mv:1547 misc:577 imb:2 pmb:171 smb:2131 d:- ref:0 ;
in:8 out:9 type:b dur:2 cpbdur:2 q:27.25 aq:21.15 tex:1953 mv:1395 misc:596 imb:1 pmb:166 smb:2137 d:- ref:0 ;
in:12 out:10 type:P dur:2 cpbdur:2 q:26.26 aq:18.76 tex:53123 mv:3733 misc:1424 imb:49 pmb:622 smb:1633 d:- ref:0 ;
in:10 out:11 type:B dur:2 cpbdur:2 q:27.23 aq:21.83 tex:2751 mv:2090 misc:711 imb:4 pmb:210 smb:2090 d:- ref:0 ;
in:11 out:12 type:b dur:2 cpbdur:2 q:27.22 aq:23.41 tex:2196 mv:1665 misc:635 imb:3 pmb:194 smb:2107 d:- ref:0 ;
in:14 out:13 type:P dur:2 cpbdur:2 q:26.26 aq:19.35 tex:43369 mv:2669 misc:1282 imb:19 pmb:553 smb:1732 d:- ref:0 ;
in:13 out:14 type:b dur:2 cpbdur:2 q:26.26 aq:18.55 tex:2108 mv:1487 misc:637 imb:2 pmb:189 smb:2113 d:- ref:0 ;
in:18 out:15 type:P dur:2 cpbdur:2 q:26.26 aq:17.10 tex:276052 mv:12242 misc:402 imb:564 pmb:1715 smb:25 d:- ref:0 ;
in:16 out:16 type:B dur:2 cpbdur:2 q:26.26 aq:20.66 tex:11164 mv:2544 misc:1252 imb:12 pmb:430 smb:1862 d:- ref:0 ;
in:15 out:17 type:b dur:2 cpbdur:2 q:26.26 aq:18.61 tex:4028 mv:1714 misc:1210 imb:4 pmb:357 smb:1943 d:- ref:0 ;
in:17 out:18 type:b dur:2 cpbdur:2 q:26.26 aq:20.90 tex:8895 mv:1399 misc:562 imb:4 pmb:198 smb:2102 d:- ref:0 ;
in:20 out:19 type:P dur:2 cpbdur:2 q:26.26 aq:17.13 tex:39055 mv:3408 misc:2065 imb:55 pmb:793 smb:1456 d:- ref:0 ;
in:19 out:20 type:b dur:2 cpbdur:2 q:26.26 aq:20.01 tex:1532 mv:1578 misc:586 imb:43 pmb:157 smb:2104 d:- ref:0 ;
in:23 out:21 type:P dur:2 cpbdur:2 q:26.26 aq:16.94 tex:45337 mv:3066 misc:1589 imb:29 pmb:583 smb:1692 d:- ref:0 ;
in:21 out:22 type:B dur:2 cpbdur:2 q:26.26 aq:23.71 tex:6803 mv:1579 misc:586 imb:2 pmb:225 smb:2077 d:- ref:0 ;
in:22 out:23 type:b dur:2 cpbdur:2 q:26.26 aq:24.80 tex:7125 mv:1317 misc:606 imb:0 pmb:218 smb:2086 d:- ref:0 ;
in:27 out:24 type:P dur:2 cpbdur:2 q:26.26 aq:16.55 tex:50318 mv:3043 misc:1423 imb:26 pmb:576 smb:1702 d:- ref:0 ;
in:25 out:25 type:B dur:2 cpbdur:2 q:26.26 aq:21.06 tex:6111 mv:1893 misc:716 imb:2 pmb:264 smb:2038 d:- ref:0 ;
in:24 out:26 type:b dur:2 cpbdur:2 q:26.26 aq:25.72 tex:3276 mv:1395 misc:585 imb:2 pmb:181 smb:2121 d:- ref:0 ;
in:26 out:27 type:b dur:2 cpbdur:2 q:26.26 aq:20.48 tex:1706 mv:1336 misc:574 imb:3 pmb:162 smb:2139 d:- ref:0 ;
in:31 out:28 type:P dur:2 cpbdur:2 q:26.26 aq:16.85 tex:39582 mv:3399 misc:1315 imb:30 pmb:586 smb:1688 d:- ref:0 ;
in:29 out:29 type:B dur:2 cpbdur:2 q:26.26 aq:19.09 tex:4934 mv:2057 misc:745 imb:9 pmb:233 smb:2062 d:- ref:0 ;
in:28 out:30 type:b dur:2 cpbdur:2 q:26.26 aq:19.47 tex:1922 mv:1276 misc:554 imb:0 pmb:164 smb:2140 d:- ref:0 ;
in:30 out:31 type:b dur:2 cpbdur:2 q:26.26 aq:21.33 tex:2371 mv:1341 misc:584 imb:1 pmb:166 smb:2137 d:- ref:0 ;
in:35 out:32 type:P dur:2 cpbdur:2 q:26.26 aq:17.05 tex:38968 mv:3681 misc:1279 imb:38 pmb:589 smb:1677 d:- ref:0 ;
in:33 out:33 type:B dur:2 cpbdur:2 q:26.26 aq:20.10 tex:5785 mv:2274 misc:757 imb:7 pmb:263 smb:2034 d:- ref:0 ;
in:32 out:34 type:b dur:2 cpbdur:2 q:26.26 aq:20.31 tex:2605 mv:1473 misc:610 imb:4 pmb:185 smb:2115 d:- ref:0 ;
in:34 out:35 type:b dur:2 cpbdur:2 q:26.26 aq:18.27 tex:2628 mv:1327 misc:573 imb:1 pmb:173 smb:2130 d:- ref:0 ;
in:38 out:36 type:P dur:2 cpbdur:2 q:26.26 aq:17.37 tex:52845 mv:3860 misc:1423 imb:47 pmb:610 smb:1647 d:- ref:0 ;
in:36 out:37 type:B dur:2 cpbdur:2 q:26.26 aq:20.43 tex:5082 mv:2303 misc:895 imb:4 pmb:303 smb:1997 d:- ref:0 ;
in:37 out:38 type:b dur:2 cpbdur:2 q:26.26 aq:20.04 tex:2375 mv:1446 misc:627 imb:0 pmb:190 smb:2114 d:- ref:0 ;
in:42 out:39 type:P dur:2 cpbdur:2 q:26.26 aq:16.69 tex:41890 mv:3706 misc:1284 imb:48 pmb:562 smb:1694 d:- ref:0 ;
in:40 out:40 type:B dur:2 cpbdur:2 q:26.26 aq:20.41 tex:5792 mv:2427 misc:861 imb:6 pmb:301 smb:1997 d:- ref:0 ;
in:39 out:41 type:b dur:2 cpbdur:2 q:26.26 aq:21.46 tex:2311 mv:1441 misc:688 imb:1 pmb:200 smb:2103 d:- ref:0 ;
in:41 out:42 type:b dur:2 cpbdur:2 q:26.26 aq:19.35 tex:2475 mv:1526 misc:663 imb:0 pmb:201 smb:2103 d:- ref:0 ;
in:46 out:43 type:P dur:2 cpbdur:2 q:26.26 aq:16.88 tex:53317 mv:4204 misc:1263 imb:41 pmb:626 smb:1637 d:- ref:0 ;
in:44 out:44 type:B dur:2 cpbdur:2 q:26.26 aq:22.66 tex:5719 mv:2597 misc:948 imb:1 pmb:325 smb:1978 d:- ref:0 ;
in:43 out:45 type:b dur:2 cpbdur:2 q:26.26 aq:24.13 tex:2753 mv:1617 misc:710 imb:1 pmb:212 smb:2091 d:- ref:0 ;
in:45 out:46 type:b dur:2 cpbdur:2 q:26.26 aq:23.74 tex:2542 mv:1614 misc:732 imb:2 pmb:200 smb:2102 d:- ref:0 ;
in:50 out:47 type:P dur:2 cpbdur:2 q:26.26 aq:16.36 tex:52480 mv:4048 misc:1184 imb:56 pmb:603 smb:1645 d:- ref:0 ;
in:48 out:48 type:B dur:2 cpbdur:2 q:26.26 aq:23.15 tex:5072 mv:2497 misc:887 imb:1 pmb:324 smb:1979 d:- ref:0 ;
in:47 out:49 type:b dur:2 cpbdur:2 q:26.26 aq:24.40 tex:2404 mv:1576 misc:708 imb:0 pmb:206 smb:2098 d:- ref:0 ;
in:49 out:50 type:b dur:2 cpbdur:2 q:26.26 aq:25.48 tex:2370 mv:1500 misc:714 imb:1 pmb:196 smb:2107 d:- ref:0 ;
in:53 out:51 type:P dur:2 cpbdur:2 q:26.26 aq:16.02 tex:37685 mv:3723 misc:1240 imb:39 pmb:586 smb:1679 d:- ref:0 ;
in:51 out:52 type:B dur:2 cpbdur:2 q:26.26 aq:20.74 tex:4138 mv:1891 misc:811 imb:1 pmb:259 smb:2044 d:- ref:0 ;
in:52 out:53 type:b dur:2 cpbdur:2 q:26.26 aq:20.85 tex:2395 mv:1375 misc:630 imb:4 pmb:175 smb:2125 d:- ref:0 ;
in:56 out:54 type:P dur:2 cpbdur:2 q:26.26 aq:15.40 tex:38975 mv:3913 misc:1200 imb:49 pmb:590 smb:1665 d:- ref:0 ;
in:54 out:55 type:B dur:2 cpbdur:2 q:26.26 aq:20.78 tex:4080 mv:2084 misc:812 imb:2 pmb:256 smb:2046 d:- ref:0 ;
in:55 out:56 type:b dur:2 cpbdur:2 q:26.26 aq:18.72 tex:2309 mv:1636 misc:695 imb:3 pmb:204 smb:2097 d:- ref:0 ;
in:59 out:57 type:P dur:2 cpbdur:2 q:26.26 aq:16.14 tex:50797 mv:4181 misc:1342 imb:48 pmb:632 smb:1624 d:- ref:0 ;
in:57 out:58 type:B dur:2 cpbdur:2 q:26.26 aq:21.77 tex:4114 mv:2091 misc:867 imb:4 pmb:275 smb:2025 d:- ref:0 ;
in:58 out:59 type:b dur:2 cpbdur:2 q:26.26 aq:22.19 tex:2080 mv:1602 misc:774 imb:1 pmb:206 smb:2097 d:- ref:0 ;
in:61 out:60 type:P dur:2 cpbdur:2 q:26.26 aq:15.94 tex:49083 mv:4073 misc:1268 imb:52 pmb:606 smb:1646 d:- ref:0 ;
in:60 out:61 type:b dur:2 cpbdur:2 q:26.26 aq:21.35 tex:2949 mv:2529 misc:834 imb:3 pmb:270 smb:2031 d:- ref:0 ;
in:65 out:62 type:P dur:2 cpbdur:2 q:26.26 aq:16.80 tex:54280 mv:4341 misc:1283 imb:55 pmb:619 smb:1630 d:- ref:0 ;
in:63 out:63 type:B dur:2 cpbdur:2 q:26.26 aq:22.25 tex:5796 mv:3208 misc:988 imb:4 pmb:359 smb:1941 d:- ref:0 ;
in:62 out:64 type:b dur:2 cpbdur:2 q:26.26 aq:20.80 tex:3087 mv:1876 misc:765 imb:0 pmb:223 smb:2081 d:- ref:0 ;
in:64 out:65 type:b dur:2 cpbdur:2 q:26.26 aq:20.31 tex:2027 mv:1810 misc:771 imb:3 pmb:224 smb:2077 d:- ref:0 ;
in:69 out:66 type:P dur:2 cpbdur:2 q:26.26 aq:16.01 tex:52850 mv:4843 misc:1139 imb:59 pmb:631 smb:1614 d:- ref:0 ;
in:67 out:67 type:B dur:2 cpbdur:2 q:26.26 aq:20.14 tex:5783 mv:3113 misc:1000 imb:4 pmb:358 smb:1942 d:- ref:0 ;
in:66 out:68 type:b dur:2 cpbdur:2 q:26.26 aq:22.13 tex:2766 mv:1969 misc:737 imb:3 pmb:224 smb:2077 d:- ref:0 ;
in:68 out:69 type:b dur:2 cpbdur:2 q:26.26 aq:22.92 tex:2467 mv:2140 misc:801 imb:1 pmb:245 smb:2058 d:- ref:0 ;
in:72 out:70 type:P dur:2 cpbdur:2 q:26.26 aq:15.65 tex:46682 mv:4207 misc:1223 imb:48 pmb:611 smb:1645 d:- ref:0 ;
in:70 out:71 type:B dur:2 cpbdur:2 q:26.26 aq:21.55 tex:3746 mv:2595 misc:787 imb:1 pmb:287 smb:2016 d:- ref:0 ;
in:71 out:72 type:b dur:2 cpbdur:2 q:26.26 aq:19.18 tex:2395 mv:1976 misc:725 imb:2 pmb:222 smb:2080 d:- ref:0 ;
in:75 out:73 type:P dur:2 cpbdur:2 q:26.26 aq:16.40 tex:48373 mv:4113 misc:1218 imb:46 pmb:604 smb:1654 d:- ref:0 ;
in:73 out:74 type:B dur:2 cpbdur:2 q:26.26 aq:21.37 tex:4056 mv:2085 misc:803 imb:0 pmb:259 smb:2045 d:- ref:0 ;
in:74 out:75 type:b dur:2 cpbdur:2 q:26.26 aq:22.80 tex:2229 mv:1809 misc:722 imb:2 pmb:211 smb:2091 d:- ref:0 ;
in:79 out:76 type:P dur:2 cpbdur:2 q:26.26 aq:16.32 tex:47252 mv:4110 misc:1230 imb:55 pmb:603 smb:1646 d:- ref:0 ;
in:77 out:77 type:B dur:2 cpbdur:2 q:26.26 aq:20.91 tex:4758 mv:2605 misc:941 imb:1 pmb:302 smb:2001 d:- ref:0 ;
in:76 out:78 type:b dur:2 cpbdur:2 q:26.26 aq:22.14 tex:2039 mv:1710 misc:739 imb:2 pmb:206 smb:2096 d:- ref:0 ;
in:78 out:79 type:b dur:2 cpbdur:2 q:26.26 aq:18.90 tex:1534 mv:1427 misc:623 imb:2 pmb:184 smb:2118 d:- ref:0 ;
in:81 out:80 type:P dur:2 cpbdur:2 q:26.26 aq:17.91 tex:40488 mv:3228 misc:1244 imb:27 pmb:591 smb:1686 d:- ref:0 ;
in:80 out:81 type:b dur:2 cpbdur:2 q:26.26 aq:21.43 tex:1448 mv:1300 misc:652 imb:2 pmb:172 smb:2130 d:- ref:0 ;
in:83 out:82 type:P dur:2 cpbdur:2 q:26.26 aq:16.41 tex:40426 mv:3240 misc:1350 imb:44 pmb:574 smb:1686 d:- ref:0 ;
in:82 out:83 type:b dur:2 cpbdur:2 q:26.26 aq:20.93 tex:1656 mv:1461 misc:699 imb:2 pmb:185 smb:2117 d:- ref:0 ;
in:86 out:84 type:P dur:2 cpbdur:2 q:26.26 aq:15.51 tex:52732 mv:4600 misc:1268 imb:59 pmb:702 smb:1543 d:- ref:0 ;
in:84 out:85 type:B dur:2 cpbdur:2 q:26.26 aq:22.25 tex:3933 mv:2329 misc:938 imb:6 pmb:292 smb:2006 d:- ref:0 ;
in:85 out:86 type:b dur:2 cpbdur:2 q:26.26 aq:22.52 tex:1714 mv:1535 misc:639 imb:3 pmb:186 smb:2115 d:- ref:0 ;
in:90 out:87 type:P dur:2 cpbdur:2 q:26.26 aq:16.43 tex:45866 mv:3618 misc:1292 imb:36 pmb:620 smb:1648 d:- ref:0 ;
in:88 out:88 type:B dur:2 cpbdur:2 q:26.26 aq:21.29 tex:5362 mv:2205 misc:841 imb:5 pmb:262 smb:2037 d:- ref:0 ;
in:87 out:89 type:b dur:2 cpbdur:2 q:26.26 aq:21.83 tex:2657 mv:1452 misc:587 imb:1 pmb:184 smb:2119 d:- ref:0 ;
in:89 out:90 type:b dur:2 cpbdur:2 q:26.26 aq:21.65 tex:2046 mv:1367 misc:571 imb:2 pmb:166 smb:2136 d:- ref:0 ;
in:92 out:91 type:P dur:2 cpbdur:2 q:26.26 aq:16.08 tex:36565 mv:2695 misc:1300 imb:22 pmb:514 smb:1768 d:- ref:0 ;
in:91 out:92 type:b dur:2 cpbdur:2 q:26.26 aq:21.97 tex:2253 mv:1291 misc:576 imb:0 pmb:165 smb:2139 d:- ref:0 ;
in:96 out:93 type:P dur:2 cpbdur:2 q:26.26 aq:15.28 tex:42263 mv:3583 misc:1274 imb:45 pmb:564 smb:1695 d:- ref:0 ;
in:94 out:94 type:B dur:2 cpbdur:2 q:26.26 aq:19.59 tex:4574 mv:1965 misc:837 imb:3 pmb:256 smb:2045 d:- ref:0 ;
in:93 out:95 type:b dur:2 cpbdur:2 q:26.26 aq:22.04 tex:2780 mv:1320 misc:572 imb:3 pmb:168 smb:2133 d:- ref:0 ;
in:95 out:96 type:b dur:2 cpbdur:2 q:26.26 aq:18.48 tex:1894 mv:1326 misc:612 imb:1 pmb:172 smb:2131 d:- ref:0 ;
in:100 out:97 type:P dur:2 cpbdur:2 q:26.26 aq:16.10 tex:43142 mv:3823 misc:1219 imb:49 pmb:591 smb:1664 d:- ref:0 ;
in:98 out:98 type:B dur:2 cpbdur:2 q:26.26 aq:18.64 tex:4016 mv:2170 misc:862 imb:3 pmb:258 smb:2043 d:- ref:0 ;
in:97 out:99 type:b dur:2 cpbdur:2 q:26.26 aq:20.64 tex:2078 mv:1407 misc:627 imb:1 pmb:177 smb:2126 d:- ref:0 ;
in:99 out:100 type:b dur:2 cpbdur:2 q:26.26 aq:21.14 tex:1853 mv:1339 misc:632 imb:0 pmb:170 smb:2134 d:- ref:0 ;
in:104 out:101 type:P dur:2 cpbdur:2 q:26.26 aq:17.13 tex:46573 mv:3898 misc:1289 imb:49 pmb:625 smb:1630 d:- ref:0 ;
in:102 out:102 type:B dur:2 cpbdur:2 q:26.26 aq:20.71 tex:4836 mv:2123 misc:873 imb:2 pmb:271 smb:2031 d:- ref:0 ;
in:101 out:103 type:b dur:2 cpbdur:2 q:26.26 aq:18.87 tex:2067 mv:1380 misc:625 imb:0 pmb:172 smb:2132 d:- ref:0 ;
in:103 out:104 type:b dur:2 cpbdur:2 q:26.26 aq:20.06 tex:1461 mv:1296 misc:579 imb:2 pmb:167 smb:2135 d:- ref:0 ;
in:107 out:105 type:P dur:2 cpbdur:2 q:26.26 aq:16.04 tex:41308 mv:3505 misc:1291 imb:33 pmb:593 smb:1678 d:- ref:0 ;
in:105 out:106 type:B dur:2 cpbdur:2 q:26.26 aq:21.99 tex:3145 mv:1578 misc:757 imb:0 pmb:224 smb:2080 d:- ref:0 ;
in:106 out:107 type:b dur:2 cpbdur:2 q:26.26 aq:20.55 tex:1970 mv:1259 misc:635 imb:0 pmb:170 smb:2134 d:- ref:0 ;
in:111 out:108 type:P dur:2 cpbdur:2 q:26.26 aq:17.01 tex:52308 mv:4375 misc:1397 imb:64 pmb:653 smb:1587 d:- ref:0 ;
in:109 out:109 type:B dur:2 cpbdur:2 q:26.26 aq:21.69 tex:4601 mv:2328 misc:967 imb:5 pmb:291 smb:2008 d:- ref:0 ;
in:108 out:110 type:b dur:2 cpbdur:2 q:26.26 aq:22.11 tex:2474 mv:1728 misc:766 imb:5 pmb:220 smb:2079 d:- ref:0 ;
in:110 out:111 type:b dur:2 cpbdur:2 q:26.26 aq:21.06 tex:2061 mv:1322 misc:617 imb:2 pmb:169 smb:2133 d:- ref:0 ;
in:115 out:112 type:P dur:2 cpbdur:2 q:26.26 aq:16.98 tex:44864 mv:3739 misc:1421 imb:43 pmb:624 smb:1637 d:- ref:0 ;
in:113 out:113 type:B dur:2 cpbdur:2 q:26.26 aq:21.31 tex:3981 mv:1996 misc:855 imb:0 pmb:239 smb:2065 d:- ref:0 ;
in:112 out:114 type:b dur:2 cpbdur:2 q:26.26 aq:21.60 tex:2231 mv:1440 misc:673 imb:2 pmb:176 smb:2126 d:- ref:0 ;
in:114 out:115 type:b dur:2 cpbdur:2 q:26.26 aq:20.92 tex:2249 mv:1395 misc:644 imb:0 pmb:180 smb:2124 d:- ref:0 ;
in:118 out:116 type:P dur:2 cpbdur:2 q:26.26 aq:17.41 tex:35062 mv:2688 misc:1346 imb:27 pmb:522 smb:1755 d:- ref:0 ;
in:116 out:117 type:B dur:2 cpbdur:2 q:26.26 aq:21.07 tex:3280 mv:1663 misc:745 imb:1 pmb:217 smb:2086 d:- ref:0 ;
in:117 out:118 type:b dur:2 cpbdur:2 q:26.26 aq:21.52 tex:2304 mv:1267 misc:645 imb:5 pmb:174 smb:2125 d:- ref:0 ;
in:121 out:119 type:P dur:2 cpbdur:2 q:26.26 aq:16.85 tex:29779 mv:2685 misc:1256 imb:34 pmb:484 smb:1786 d:- ref:0 ;
in:119 out:120 type:B dur:2 cpbdur:2 q:26.26 aq:21.57 tex:2537 mv:1452 misc:683 imb:1 pmb:201 smb:2102 d:- ref:0 ;
in:120 out:121 type:b dur:2 cpbdur:2 q:26.26 aq:22.83 tex:1933 mv:1233 misc:562 imb:1 pmb:160 smb:2143 d:- ref:0 ;
in:125 out:122 type:P dur:2 cpbdur:2 q:26.26 aq:16.75 tex:44206 mv:3400 misc:1194 imb:49 pmb:541 smb:1714 d:- ref:0 ;
in:123 out:123 type:B dur:2 cpbdur:2 q:26.26 aq:20.81 tex:4742 mv:2285 misc:941 imb:5 pmb:282 smb:2017 d:- ref:0 ;
in:122 out:124 type:b dur:2 cpbdur:2 q:26.26 aq:23.33 tex:2301 mv:1456 misc:715 imb:1 pmb:196 smb:2107 d:- ref:0 ;
in:124 out:125 type:b dur:2 cpbdur:2 q:26.26 aq:20.94 tex:2048 mv:1399 misc:697 imb:4 pmb:181 smb:2119 d:- ref:0 ;
in:127 out:126 type:P dur:2 cpbdur:2 q:26.26 aq:16.66 tex:37440 mv:2921 misc:1239 imb:28 pmb:511 smb:1765 d:- ref:0 ;
in:126 out:127 type:b dur:2 cpbdur:2 q:26.26 aq:21.73 tex:2135 mv:1558 misc:723 imb:1 pmb:201 smb:2102 d:- ref:0 ;
in:129 out:128 type:P dur:2 cpbdur:2 q:26.26 aq:17.29 tex:39546 mv:2863 misc:1079 imb:25 pmb:502 smb:1777 d:- ref:0 ;
in:128 out:129 type:b dur:2 cpbdur:2 q:26.26 aq:21.94 tex:2291 mv:1729 misc:700 imb:0 pmb:204 smb:2100 d:- ref:0 ;
in:131 out:130 type:P dur:2 cpbdur:2 q:26.26 aq:16.64 tex:33761 mv:2672 misc:1055 imb:17 pmb:466 smb:1821 d:- ref:0 ;
in:130 out:131 type:b dur:2 cpbdur:2 q:26.26 aq:22.87 tex:2294 mv:1473 misc:657 imb:0 pmb:189 smb:2115 d:- ref:0 ;
in:133 out:132 type:P dur:2 cpbdur:2 q:26.26 aq:17.94 tex:38941 mv:2904 misc:1091 imb:41 pmb:476 smb:1787 d:- ref:0 ;
in:132 out:133 type:b dur:2 cpbdur:2 q:26.26 aq:22.46 tex:2143 mv:1488 misc:713 imb:1 pmb:206 smb:2097 d:- ref:0 ;
in:135 out:134 type:P dur:2 cpbdur:2 q:26.26 aq:17.03 tex:243649 mv:10970 misc:645 imb:527 pmb:1673 smb:104 d:- ref:0 ;
in:134 out:135 type:b dur:2 cpbdur:2 q:26.26 aq:20.20 tex:2654 mv:1887 misc:1283 imb:5 pmb:350 smb:1949 d:- ref:0 ;
in:137 out:136 type:P dur:2 cpbdur:2 q:26.26 aq:16.57 tex:30711 mv:2687 misc:1930 imb:33 pmb:714 smb:1557 d:- ref:0 ;
in:136 out:137 type:b dur:2 cpbdur:2 q:26.26 aq:13.16 tex:1884 mv:1330 misc:498 imb:2 pmb:148 smb:2154 d:- ref:0 ;
in:139 out:138 type:P dur:2 cpbdur:2 q:26.26 aq:15.34 tex:24847 mv:2651 misc:1478 imb:29 pmb:522 smb:1753 d:- ref:0 ;
in:138 out:139 type:b dur:2 cpbdur:2 q:26.26 aq:19.56 tex:1398 mv:1278 misc:556 imb:0 pmb:163 smb:2141 d:- ref:0 ;
in:142 out:140 type:P dur:2 cpbdur:2 q:26.26 aq:15.74 tex:20787 mv:2781 misc:1248 imb:12 pmb:519 smb:1773 d:- ref:0 ;
in:140 out:141 type:B dur:2 cpbdur:2 q:26.26 aq:21.28 tex:2402 mv:1522 misc:612 imb:1 pmb:196 smb:2107 d:- ref:0 ;
in:141 out:142 type:b dur:2 cpbdur:2 q:26.26 aq:20.15 tex:1732 mv:1372 misc:528 imb:2 pmb:174 smb:2128 d:- ref:0 ;
in:146 out:143 type:P dur:2 cpbdur:2 q:26.26 aq:15.68 tex:28335 mv:2693 misc:1116 imb:20 pmb:465 smb:1819 d:- ref:0 ;
in:144 out:144 type:B dur:2 cpbdur:2 q:26.26 aq:19.35 tex:3272 mv:1678 misc:698 imb:3 pmb:224 smb:2077 d:- ref:0 ;
in:143 out:145 type:b dur:2 cpbdur:2 q:26.26 aq:20.37 tex:1955 mv:1334 misc:543 imb:0 pmb:179 smb:2125 d:- ref:0 ;
in:145 out:146 type:b dur:2 cpbdur:2 q:26.26 aq:20.24 tex:1653 mv:1177 misc:506 imb:2 pmb:156 smb:2146 d:- ref:0 ;
in:150 out:147 type:P dur:2 cpbdur:2 q:26.26 aq:15.65 tex:33930 mv:2953 misc:1085 imb:30 pmb:497 smb:1777 d:- ref:0 ;
in:148 out:148 type:B dur:2 cpbdur:2 q:26.26 aq:19.31 tex:3950 mv:1757 misc:621 imb:2 pmb:220 smb:2082 d:- ref:0 ;
in:147 out:149 type:b dur:2 cpbdur:2 q:26.26 aq:16.97 tex:2150 mv:1409 misc:545 imb:1 pmb:171 smb:2132 d:- ref:0 ;
in:149 out:150 type:b dur:2 cpbdur:2 q:26.26 aq:20.69 tex:1749 mv:1272 misc:523 imb:3 pmb:156 smb:2145 d:- ref:0 ;
in:153 out:151 type:P dur:2 cpbdur:2 q:26.26 aq:15.64 tex:31968 mv:2706 misc:1070 imb:31 pmb:456 smb:1817 d:- ref:0 ;
in:151 out:152 type:B dur:2 cpbdur:2 q:26.26 aq:19.45 tex:3180 mv:1648 misc:596 imb:0 pmb:207 smb:2097 d:- ref:0 ;
in:152 out:153 type:b dur:2 cpbdur:2 q:26.26 aq:22.18 tex:2317 mv:1399 misc:612 imb:0 pmb:196 smb:2108 d:- ref:0 ;
in:155 out:154 type:P dur:2 cpbdur:2 q:26.26 aq:15.59 tex:25540 mv:2382 misc:1118 imb:18 pmb:462 smb:1824 d:- ref:0 ;
in:154 out:155 type:b dur:2 cpbdur:2 q:26.26 aq:21.28 tex:2121 mv:1411 misc:596 imb:2 pmb:181 smb:2121 d:- ref:0 ;
in:156 out:156 type:P dur:2 cpbdur:2 q:26.26 aq:15.75 tex:28304 mv:2319 misc:1129 imb:32 pmb:432 smb:1840 d:- ref:0 ;
in:159 out:157 type:P dur:2 cpbdur:2 q:26.26 aq:17.09 tex:32404 mv:2874 misc:1114 imb:28 pmb:485 smb:1791 d:- ref:0 ;
in:157 out:158 type:B dur:2 cpbdur:2 q:26.26 aq:20.37 tex:4202 mv:1766 misc:648 imb:3 pmb:218 smb:2083 d:- ref:0 ;
in:158 out:159 type:b dur:2 cpbdur:2 q:26.26 aq:21.19 tex:2420 mv:1283 misc:593 imb:0 pmb:176 smb:2128 d:- ref:0 ;
in:162 out:160 type:P dur:2 cpbdur:2 q:26.26 aq:15.26 tex:33136 mv:2846 misc:1122 imb:29 pmb:479 smb:1796 d:- ref:0 ;
in:160 out:161 type:B dur:2 cpbdur:2 q:26.26 aq:24.20 tex:3868 mv:1754 misc:682 imb:4 pmb:238 smb:2062 d:- ref:0 ;
in:161 out:162 type:b dur:2 cpbdur:2 q:26.26 aq:19.52 tex:1921 mv:1329 misc:510 imb:4 pmb:149 smb:2151 d:- ref:0 ;
in:166 out:163 type:P dur:2 cpbdur:2 q:26.26 aq:16.13 tex:42209 mv:3066 misc:1173 imb:54 pmb:479 smb:1771 d:- ref:0 ;
in:164 out:164 type:B dur:2 cpbdur:2 q:26.26 aq:21.46 tex:4511 mv:1898 misc:735 imb:6 pmb:241 smb:2057 d:- ref:0 ;
in:163 out:165 type:b dur:2 cpbdur:2 q:26.26 aq:21.39 tex:2307 mv:1426 misc:563 imb:0 pmb:180 smb:2124 d:- ref:0 ;
in:165 out:166 type:b dur:2 cpbdur:2 q:26.26 aq:22.24 tex:2586 mv:1393 misc:581 imb:1 pmb:163 smb:2140 d:- ref:0 ;
in:168 out:167 type:P dur:2 cpbdur:2 q:26.26 aq:15.36 tex:29511 mv:2323 misc:1230 imb:33 pmb:443 smb:1828 d:- ref:0 ;
in:167 out:168 type:b dur:2 cpbdur:2 q:26.26 aq:15.07 tex:1811 mv:1366 misc:575 imb:3 pmb:155 smb:2146 d:- ref:0 ;
in:171 out:169 type:P dur:2 cpbdur:2 q:26.26 aq:15.89 tex:31352 mv:2642 misc:1206 imb:30 pmb:458 smb:1816 d:- ref:0 ;
in:169 out:170 type:B dur:2 cpbdur:2 q:26.26 aq:21.77 tex:2747 mv:1355 misc:658 imb:0 pmb:188 smb:2116 d:- ref:0 ;
in:170 out:171 type:b dur:2 cpbdur:2 q:26.26 aq:23.30 tex:2389 mv:1384 misc:547 imb:6 pmb:155 smb:2143 d:- ref:0 ;
in:173 out:172 type:P dur:2 cpbdur:2 q:26.26 aq:15.25 tex:29474 mv:2513 misc:1181 imb:45 pmb:425 smb:1834 d:- ref:0 ;
in:172 out:173 type:b dur:2 cpbdur:2 q:26.26 aq:19.85 tex:2080 mv:1404 misc:548 imb:0 pmb:170 smb:2134 d:- ref:0 ;
in:176 out:174 type:P dur:2 cpbdur:2 q:26.26 aq:16.60 tex:34499 mv:2765 misc:1280 imb:34 pmb:483 smb:1787 d:- ref:0 ;
in:174 out:175 type:B dur:2 cpbdur:2 q:26.26 aq:20.16 tex:3199 mv:1447 misc:626 imb:2 pmb:190 smb:2112 d:- ref:0 ;
in:175 out:176 type:b dur:2 cpbdur:2 q:26.26 aq:19.48 tex:2014 mv:1308 misc:598 imb:0 pmb:170 smb:2134 d:- ref:0 ;
in:178 out:177 type:P dur:2 cpbdur:2 q:26.26 aq:15.42 tex:32313 mv:2773 misc:1250 imb:47 pmb:475 smb:1782 d:- ref:0 ;
in:177 out:178 type:b dur:2 cpbdur:2 q:26.26 aq:19.75 tex:2608 mv:1375 misc:633 imb:3 pmb:171 smb:2130 d:- ref:0 ;
in:179 out:179 type:P dur:2 cpbdur:2 q:26.26 aq:15.63 tex:21698 mv:2010 misc:1292 imb:20 pmb:423 smb:1861 d:- ref:0 ;
in:182 out:180 type:P dur:2 cpbdur:2 q:26.26 aq:16.24 tex:43705 mv:3769 misc:1318 imb:54 pmb:521 smb:1729 d:- ref:0 ;
in:180 out:181 type:B dur:2 cpbdur:2 q:26.26 aq:21.66 tex:4149 mv:2286 misc:781 imb:1 pmb:259 smb:2044 d:- ref:0 ;
in:181 out:182 type:b dur:2 cpbdur:2 q:26.26 aq:20.78 tex:1799 mv:1670 misc:635 imb:2 pmb:192 smb:2110 d:- ref:0 ;
in:186 out:183 type:P dur:2 cpbdur:2 q:26.26 aq:17.61 tex:46925 mv:3859 misc:1224 imb:117 pmb:496 smb:1691 d:- ref:0 ;
in:184 out:184 type:B dur:2 cpbdur:2 q:26.26 aq:24.26 tex:6762 mv:2407 misc:791 imb:3 pmb:288 smb:2013 d:- ref:0 ;
in:183 out:185 type:b dur:2 cpbdur:2 q:26.26 aq:21.87 tex:2180 mv:1582 misc:670 imb:0 pmb:194 smb:2110 d:- ref:0 ;
in:185 out:186 type:b dur:2 cpbdur:2 q:26.26 aq:23.89 tex:6720 mv:2270 misc:650 imb:19 pmb:232 smb:2053 d:- ref:0 ;
in:190 out:187 type:P dur:2 cpbdur:2 q:26.26 aq:17.25 tex:50871 mv:4443 misc:1358 imb:123 pmb:549 smb:1632 d:- ref:0 ;
in:188 out:188 type:B dur:2 cpbdur:2 q:26.26 aq:22.33 tex:7473 mv:3085 misc:866 imb:33 pmb:314 smb:1957 d:- ref:0 ;
in:187 out:189 type:b dur:2 cpbdur:2 q:26.26 aq:25.65 tex:3001 mv:2129 misc:758 imb:12 pmb:225 smb:2067 d:- ref:0 ;
in:189 out:190 type:b dur:2 cpbdur:2 q:26.26 aq:24.69 tex:2447 mv:1897 misc:720 imb:12 pmb:209 smb:2083 d:- ref:0 ;
in:192 out:191 type:P dur:2 cpbdur:2 q:26.26 aq:16.95 tex:35992 mv:3449 misc:1223 imb:80 pmb:507 smb:1717 d:- ref:0 ;
in:191 out:192 type:b dur:2 cpbdur:2 q:26.26 aq:24.71 tex:2431 mv:1758 misc:707 imb:18 pmb:195 smb:2091 d:- ref:0 ;
in:194 out:193 type:P dur:2 cpbdur:2 q:26.26 aq:16.49 tex:39082 mv:3639 misc:1071 imb:79 pmb:517 smb:1708 d:- ref:0 ;
in:193 out:194 type:b dur:2 cpbdur:2 q:26.26 aq:24.26 tex:2090 mv:1882 misc:692 imb:16 pmb:193 smb:2095 d:- ref:0 ;
in:196 out:195 type:P dur:2 cpbdur:2 q:26.26 aq:16.84 tex:39178 mv:3363 misc:1123 imb:68 pmb:495 smb:1741 d:- ref:0 ;
in:195 out:196 type:b dur:2 cpbdur:2 q:26.26 aq:23.22 tex:1954 mv:1747 misc:731 imb:6 pmb:197 smb:2101 d:- ref:0 ;
in:198 out:197 type:P dur:2 cpbdur:2 q:26.26 aq:17.07 tex:39819 mv:3345 misc:1172 imb:105 pmb:499 smb:1700 d:- ref:0 ;
in:197 out:198 type:b dur:2 cpbdur:2 q:26.26 aq:25.34 tex:2408 mv:1548 misc:676 imb:1 pmb:194 smb:2109 d:- ref:0 ;
in:201 out:199 type:P dur:2 cpbdur:2 q:26.26 aq:17.17 tex:37750 mv:3517 misc:1197 imb:42 pmb:534 smb:1728 d:- ref:0 ;
in:199 out:200 type:B dur:2 cpbdur:2 q:26.26 aq:22.94 tex:3753 mv:1827 misc:668 imb:1 pmb:215 smb:2088 d:- ref:0 ;
in:200 out:201 type:b dur:2 cpbdur:2 q:26.26 aq:22.06 tex:2042 mv:1477 misc:665 imb:3 pmb:185 smb:2116 d:- ref:0 ;
in:203 out:202 type:P dur:2 cpbdur:2 q:26.26 aq:16.21 tex:32857 mv:2773 misc:1314 imb:26 pmb:523 smb:1755 d:- ref:0 ;
in:202 out:203 type:b dur:2 cpbdur:2 q:26.26 aq:21.48 tex:1711 mv:1274 misc:599 imb:1 pmb:168 smb:2135 d:- ref:0 ;
in:205 out:204 type:P dur:2 cpbdur:2 q:26.26 aq:17.27 tex:49965 mv:3654 misc:1309 imb:52 pmb:604 smb:1648 d:- ref:0 ;
in:204 out:205 type:b dur:2 cpbdur:2 q:26.26 aq:23.67 tex:2889 mv:1660 misc:675 imb:2 pmb:215 smb:2087 d:- ref:0 ;
in:208 out:206 type:P dur:2 cpbdur:2 q:26.26 aq:16.18 tex:45059 mv:3637 misc:1280 imb:83 pmb:561 smb:1660 d:- ref:0 ;
in:206 out:207 type:B dur:2 cpbdur:2 q:26.26 aq:23.87 tex:3984 mv:1662 misc:634 imb:4 pmb:192 smb:2108 d:- ref:0 ;
in:207 out:208 type:b dur:2 cpbdur:2 q:26.26 aq:24.57 tex:2293 mv:1474 misc:625 imb:3 pmb:188 smb:2113 d:- ref:0 ;
in:210 out:209 type:P dur:2 cpbdur:2 q:26.26 aq:15.72 tex:39991 mv:3029 misc:1252 imb:43 pmb:492 smb:1769 d:- ref:0 ;
in:209 out:210 type:b dur:2 cpbdur:2 q:26.26 aq:24.42 tex:2464 mv:1519 misc:625 imb:0 pmb:185 smb:2119 d:- ref:0 ;
in:213 out:211 type:P dur:2 cpbdur:2 q:26.26 aq:16.40 tex:41398 mv:3373 misc:1309 imb:74 pmb:517 smb:1713 d:- ref:0 ;
in:211 out:212 type:B dur:2 cpbdur:2 q:26.26 aq:24.08 tex:2839 mv:1750 misc:771 imb:3 pmb:218 smb:2083 d:- ref:0 ;
in:212 out:213 type:b dur:2 cpbdur:2 q:26.26 aq:25.23 tex:1970 mv:1468 misc:650 imb:2 pmb:190 smb:2112 d:- ref:0 ;
in:215 out:214 type:P dur:2 cpbdur:2 q:26.26 aq:16.02 tex:37836 mv:3228 misc:1304 imb:73 pmb:516 smb:1715 d:- ref:0 ;
in:214 out:215 type:b dur:2 cpbdur:2 q:26.26 aq:22.68 tex:1602 mv:1605 misc:673 imb:2 pmb:194 smb:2108 d:- ref:0 ;
in:219 out:216 type:P dur:2 cpbdur:2 q:26.26 aq:15.72 tex:47247 mv:4026 misc:1303 imb:93 pmb:549 smb:1662 d:- ref:0 ;
in:217 out:217 type:B dur:2 cpbdur:2 q:26.26 aq:22.87 tex:4482 mv:2498 misc:828 imb:23 pmb:261 smb:2020 d:- ref:0 ;
in:216 out:218 type:b dur:2 cpbdur:2 q:26.26 aq:19.40 tex:1797 mv:1612 misc:607 imb:15 pmb:178 smb:2111 d:- ref:0 ;
in:218 out:219 type:b dur:2 cpbdur:2 q:26.26 aq:23.31 tex:1747 mv:1811 misc:618 imb:9 pmb:193 smb:2102 d:- ref:0 ;
in:221 out:220 type:P dur:2 cpbdur:2 q:26.26 aq:15.58 tex:48882 mv:3182 misc:1216 imb:49 pmb:502 smb:1753 d:- ref:0 ;
in:220 out:221 type:b dur:2 cpbdur:2 q:26.26 aq:24.72 tex:2994 mv:1741 misc:585 imb:24 pmb:167 smb:2113 d:- ref:0 ;
in:223 out:222 type:P dur:2 cpbdur:2 q:26.26 aq:16.22 tex:40152 mv:2912 misc:1200 imb:40 pmb:506 smb:1758 d:- ref:0 ;
in:222 out:223 type:b dur:2 cpbdur:2 q:26.26 aq:24.59 tex:1359 mv:1411 misc:582 imb:1 pmb:173 smb:2130 d:- ref:0 ;
in:227 out:224 type:P dur:2 cpbdur:2 q:26.26 aq:16.62 tex:48938 mv:3869 misc:1297 imb:58 pmb:582 smb:1664 d:- ref:0 ;
in:225 out:225 type:B dur:2 cpbdur:2 q:26.26 aq:24.57 tex:4921 mv:2301 misc:858 imb:6 pmb:280 smb:2018 d:- ref:0 ;
in:224 out:226 type:b dur:2 cpbdur:2 q:26.26 aq:21.17 tex:1352 mv:1469 misc:603 imb:3 pmb:170 smb:2131 d:- ref:0 ;
in:226 out:227 type:b dur:2 cpbdur:2 q:26.26 aq:23.63 tex:1549 mv:1406 misc:621 imb:5 pmb:168 smb:2131 d:- ref:0 ;
in:229 out:228 type:P dur:2 cpbdur:2 q:26.26 aq:17.34 tex:49401 mv:3582 misc:1409 imb:36 pmb:631 smb:1637 d:- ref:0 ;
in:228 out:229 type:b dur:2 cpbdur:2 q:26.26 aq:26.25 tex:1833 mv:1666 misc:693 imb:1 pmb:212 smb:2091 d:- ref:0 ;
in:231 out:230 type:P dur:2 cpbdur:2 q:26.26 aq:16.57 tex:39152 mv:2832 misc:1184 imb:38 pmb:505 smb:1761 d:- ref:0 ;
in:230 out:231 type:b dur:2 cpbdur:2 q:26.26 aq:24.86 tex:1687 mv:1466 misc:591 imb:1 pmb:170 smb:2133 d:- ref:0 ;
in:234 out:232 type:P dur:2 cpbdur:2 q:26.26 aq:17.08 tex:43742 mv:3482 misc:1312 imb:51 pmb:568 smb:1685 d:- ref:0 ;
in:232 out:233 type:B dur:2 cpbdur:2 q:26.26 aq:21.90 tex:3313 mv:1928 misc:719 imb:3 pmb:221 smb:2080 d:- ref:0 ;
in:233 out:234 type:b dur:2 cpbdur:2 q:26.26 aq:24.04 tex:2065 mv:1341 misc:642 imb:1 pmb:179 smb:2124 d:- ref:0 ;
in:238 out:235 type:P dur:2 cpbdur:2 q:26.26 aq:17.84 tex:47525 mv:3675 misc:1392 imb:46 pmb:601 smb:1657 d:- ref:0 ;
in:236 out:236 type:B dur:2 cpbdur:2 q:26.26 aq:21.70 tex:4289 mv:2180 misc:883 imb:2 pmb:274 smb:2028 d:- ref:0 ;
in:235 out:237 type:b dur:2 cpbdur:2 q:26.26 aq:24.64 tex:2049 mv:1450 misc:693 imb:1 pmb:191 smb:2112 d:- ref:0 ;
in:237 out:238 type:b dur:2 cpbdur:2 q:26.26 aq:20.26 tex:2145 mv:1443 misc:660 imb:0 pmb:186 smb:2118 d:- ref:0 ;
in:242 out:239 type:P dur:2 cpbdur:2 q:26.26 aq:17.06 tex:47473 mv:3455 misc:1304 imb:49 pmb:568 smb:1687 d:- ref:0 ;
in:240 out:240 type:B dur:2 cpbdur:2 q:26.26 aq:22.94 tex:4944 mv:1879 misc:873 imb:3 pmb:255 smb:2046 d:- ref:0 ;
in:239 out:241 type:b dur:2 cpbdur:2 q:26.26 aq:23.86 tex:1862 mv:1491 misc:663 imb:2 pmb:181 smb:2121 d:- ref:0 ;
in:241 out:242 type:b dur:2 cpbdur:2 q:26.26 aq:20.77 tex:1684 mv:1263 misc:573 imb:1 pmb:168 smb:2135 d:- ref:0 ;
in:245 out:243 type:P dur:2 cpbdur:2 q:26.26 aq:17.87 tex:36530 mv:2655 misc:1247 imb:34 pmb:492 smb:1778 d:- ref:0 ;
in:243 out:244 type:B dur:2 cpbdur:2 q:26.26 aq:23.66 tex:2967 mv:1487 misc:634 imb:1 pmb:201 smb:2102 d:- ref:0 ;
in:244 out:245 type:b dur:2 cpbdur:2 q:26.26 aq:21.86 tex:1627 mv:1210 misc:587 imb:1 pmb:159 smb:2144 d:- ref:0 ;
in:247 out:246 type:P dur:2 cpbdur:2 q:26.26 aq:18.27 tex:32963 mv:2426 misc:1107 imb:30 pmb:448 smb:1826 d:- ref:0 ;
in:246 out:247 type:b dur:2 cpbdur:2 q:26.26 aq:23.65 tex:1298 mv:1306 misc:564 imb:1 pmb:154 smb:2149 d:- ref:0 ;
in:249 out:248 type:P dur:2 cpbdur:2 q:26.26 aq:22.87 tex:9670 mv:2110 misc:980 imb:29 pmb:322 smb:1953 d:- ref:0 ;
in:248 out:249 type:b dur:2 cpbdur:2 q:26.26 aq:21.19 tex:2101 mv:1291 misc:632 imb:6 pmb:175 smb:2123 d:- ref:0 ;
in:250 out:250 type:I dur:2 cpbdur:2 q:23.35 aq:15.74 tex:706481 mv:69764 misc:515 imb:2304 pmb:0 smb:0 d:- ref:;
in:253 out:251 type:P dur:2 cpbdur:2 q:26.26 aq:19.27 tex:42392 mv:3469 misc:1179 imb:47 pmb:554 smb:1703 d:- ref:0 ;
in:251 out:252 type:B dur:2 cpbdur:2 q:26.26 aq:23.56 tex:3452 mv:2196 misc:808 imb:5 pmb:250 smb:2049 d:- ref:0 ;
in:252 out:253 type:b dur:2 cpbdur:2 q:26.26 aq:23.06 tex:2343 mv:1784 misc:721 imb:6 pmb:227 smb:2071 d:- ref:0 ;
in:255 out:254 type:P dur:2 cpbdur:2 q:26.26 aq:16.96 tex:217867 mv:10509 misc:944 imb:403 pmb:1644 smb:257 d:- ref:0 ;
in:254 out:255 type:b dur:2 cpbdur:2 q:26.26 aq:19.57 tex:3014 mv:2528 misc:1306 imb:9 pmb:383 smb:1912 d:- ref:0 ;
in:257 out:256 type:P dur:2 cpbdur:2 q:26.26 aq:16.09 tex:25313 mv:2907 misc:1844 imb:29 pmb:668 smb:1607 d:- ref:0 ;
in:256 out:257 type:b dur:2 cpbdur:2 q:26.26 aq:22.16 tex:1107 mv:1307 misc:530 imb:2 pmb:155 smb:2147 d:- ref:0 ;
in:261 out:258 type:P dur:2 cpbdur:2 q:26.26 aq:16.20 tex:29640 mv:3038 misc:1378 imb:28 pmb:548 smb:1728 d:- ref:0 ;
in:259 out:259 type:B dur:2 cpbdur:2 q:26.26 aq:23.02 tex:4006 mv:2254 misc:724 imb:9 pmb:238 smb:2057 d:- ref:0 ;
in:258 out:260 type:b dur:2 cpbdur:2 q:26.26 aq:27.60 tex:1962 mv:1379 misc:587 imb:3 pmb:166 smb:2135 d:- ref:0 ;
in:260 out:261 type:b dur:2 cpbdur:2 q:26.26 aq:28.72 tex:2404 mv:1376 misc:620 imb:4 pmb:182 smb:2118 d:- ref:0 ;
in:264 out:262 type:P dur:2 cpbdur:2 q:26.26 aq:16.96 tex:26635 mv:2925 misc:1232 imb:27 pmb:500 smb:1777 d:- ref:0 ;
in:262 out:263 type:B dur:2 cpbdur:2 q:26.26 aq:28.39 tex:4041 mv:1961 misc:662 imb:8 pmb:231 smb:2065 d:- ref:0 ;
in:263 out:264 type:b dur:2 cpbdur:2 q:26.26 aq:24.19 tex:2782 mv:1500 misc:598 imb:5 pmb:187 smb:2112 d:- ref:0 ;
in:268 out:265 type:P dur:2 cpbdur:2 q:26.26 aq:18.10 tex:47856 mv:3549 misc:1235 imb:25 pmb:618 smb:1661 d:- ref:0 ;
in:266 out:266 type:B dur:2 cpbdur:2 q:26.26 aq:25.47 tex:8688 mv:2390 misc:826 imb:6 pmb:329 smb:1969 d:- ref:0 ;
in:265 out:267 type:b dur:2 cpbdur:2 q:26.26 aq:29.06 tex:2176 mv:1500 misc:684 imb:4 pmb:200 smb:2100 d:- ref:0 ;
in:267 out:268 type:b dur:2 cpbdur:2 q:26.26 aq:25.57 tex:2676 mv:1506 misc:674 imb:2 pmb:199 smb:2103 d:- ref:0 ;
in:272 out:269 type:P dur:2 cpbdur:2 q:26.26 aq:17.34 tex:39849 mv:4179 misc:1220 imb:80 pmb:599 smb:1625 d:- ref:0 ;
in:270 out:270 type:B dur:2 cpbdur:2 q:26.26 aq:23.62 tex:13453 mv:2737 misc:818 imb:24 pmb:305 smb:1975 d:- ref:0 ;
in:269 out:271 type:b dur:2 cpbdur:2 q:26.26 aq:27.91 tex:7038 mv:1672 misc:674 imb:3 pmb:247 smb:2054 d:- ref:0 ;
in:271 out:272 type:b dur:2 cpbdur:2 q:26.26 aq:26.00 tex:2182 mv:1602 misc:704 imb:7 pmb:201 smb:2096 d:- ref:0 ;
in:274 out:273 type:P dur:2 cpbdur:2 q:26.26 aq:17.67 tex:56521 mv:3582 misc:1225 imb:44 pmb:587 smb:1673 d:- ref:0 ;
in:273 out:274 type:b dur:2 cpbdur:2 q:26.26 aq:29.07 tex:7675 mv:1715 misc:690 imb:2 pmb:260 smb:2042 d:- ref:0 ;
in:275 out:275 type:P dur:2 cpbdur:2 q:26.26 aq:17.20 tex:38848 mv:2347 misc:1309 imb:13 pmb:531 smb:1760 d:- ref:0 ;
in:276 out:276 type:P dur:2 cpbdur:2 q:26.26 aq:17.08 tex:59123 mv:3127 misc:1182 imb:32 pmb:579 smb:1693 d:- ref:0 ;
in:278 out:277 type:P dur:2 cpbdur:2 q:26.26 aq:17.00 tex:47397 mv:2869 misc:1198 imb:31 pmb:550 smb:1723 d:- ref:0 ;
in:277 out:278 type:b dur:2 cpbdur:2 q:26.26 aq:28.73 tex:2568 mv:1807 misc:761 imb:1 pmb:237 smb:2066 d:- ref:0 ;
in:281 out:279 type:P dur:2 cpbdur:2 q:26.26 aq:16.32 tex:41925 mv:3358 misc:1181 imb:37 pmb:542 smb:1725 d:- ref:0 ;
in:279 out:280 type:B dur:2 cpbdur:2 q:26.26 aq:26.06 tex:4904 mv:2123 misc:717 imb:4 pmb:275 smb:2025 d:- ref:0 ;
in:280 out:281 type:b dur:2 cpbdur:2 q:26.26 aq:27.43 tex:2761 mv:1926 misc:681 imb:1 pmb:226 smb:2077 d:- ref:0 ;
in:283 out:282 type:P dur:2 cpbdur:2 q:26.26 aq:16.13 tex:39971 mv:3168 misc:1165 imb:33 pmb:541 smb:1730 d:- ref:0 ;
in:282 out:283 type:b dur:2 cpbdur:2 q:26.26 aq:27.49 tex:2668 mv:1844 misc:688 imb:2 pmb:224 smb:2078 d:- ref:0 ;
in:286 out:284 type:P dur:2 cpbdur:2 q:26.26 aq:17.52 tex:50705 mv:3569 misc:1222 imb:31 pmb:612 smb:1661 d:- ref:0 ;
in:284 out:285 type:B dur:2 cpbdur:2 q:26.26 aq:25.14 tex:4623 mv:2018 misc:751 imb:0 pmb:263 smb:2041 d:- ref:0 ;
in:285 out:286 type:b dur:2 cpbdur:2 q:26.26 aq:26.84 tex:3190 mv:1722 misc:704 imb:5 pmb:217 smb:2082 d:- ref:0 ;
in:289 out:287 type:P dur:2 cpbdur:2 q:26.26 aq:16.50 tex:40308 mv:3319 misc:1197 imb:42 pmb:561 smb:1701 d:- ref:0 ;
in:287 out:288 type:B dur:2 cpbdur:2 q:26.26 aq:27.36 tex:4486 mv:2033 misc:745 imb:7 pmb:263 smb:2034 d:- ref:0 ;
in:288 out:289 type:b dur:2 cpbdur:2 q:26.26 aq:23.77 tex:2795 mv:1563 misc:650 imb:6 pmb:210 smb:2088 d:- ref:0 ;
in:292 out:290 type:P dur:2 cpbdur:2 q:26.26 aq:16.32 tex:38091 mv:3409 misc:1204 imb:46 pmb:549 smb:1709 d:- ref:0 ;
in:290 out:291 type:B dur:2 cpbdur:2 q:26.26 aq:23.32 tex:5152 mv:2054 misc:834 imb:4 pmb:304 smb:1996 d:- ref:0 ;
in:291 out:292 type:b dur:2 cpbdur:2 q:26.26 aq:25.91 tex:3153 mv:1774 misc:737 imb:2 pmb:228 smb:2074 d:- ref:0 ;
in:295 out:293 type:P dur:2 cpbdur:2 q:26.26 aq:17.15 tex:49613 mv:3332 misc:1231 imb:45 pmb:599 smb:1660 d:- ref:0 ;
in:293 out:294 type:B dur:2 cpbdur:2 q:26.26 aq:24.57 tex:5850 mv:2210 misc:828 imb:8 pmb:289 smb:2007 d:- ref:0 ;
in:294 out:295 type:b dur:2 cpbdur:2 q:26.26 aq:25.80 tex:2347 mv:1556 misc:689 imb:4 pmb:203 smb:2097 d:- ref:0 ;
in:299 out:296 type:P dur:2 cpbdur:2 q:26.26 aq:16.96 tex:41349 mv:3343 misc:1236 imb:52 pmb:567 smb:1685 d:- ref:0 ;
in:297 out:297 type:B dur:2 cpbdur:2 q:26.26 aq:24.23 tex:4869 mv:2185 misc:818 imb:7 pmb:281 smb:2016 d:- ref:0 ;
in:296 out:298 type:b dur:2 cpbdur:2 q:26.26 aq:25.81 tex:2366 mv:1612 misc:710 imb:10 pmb:188 smb:2106 d:- ref:0 ;
in:298 out:299 type:b dur:2 cpbdur:2 q:26.26 aq:24.90 tex:2285 mv:1446 misc:661 imb:7 pmb:194 smb:2103 d:- ref:0 ;
in:302 out:300 type:P dur:2 cpbdur:2 q:26.26 aq:17.01 tex:53418 mv:3331 misc:1235 imb:67 pmb:571 smb:1666 d:- ref:0 ;
in:300 out:301 type:B dur:2 cpbdur:2 q:26.26 aq:25.70 tex:3817 mv:1999 misc:752 imb:10 pmb:252 smb:2042 d:- ref:0 ;
in:301 out:302 type:b dur:2 cpbdur:2 q:26.26 aq:25.60 tex:2321 mv:1712 misc:671 imb:5 pmb:198 smb:2101 d:- ref:0 ;
in:306 out:303 type:P dur:2 cpbdur:2 q:26.26 aq:16.85 tex:49728 mv:4170 misc:1382 imb:75 pmb:622 smb:1607 d:- ref:0 ;
in:304 out:304 type:B dur:2 cpbdur:2 q:26.26 aq:21.92 tex:4991 mv:2058 misc:863 imb:7 pmb:271 smb:2026 d:- ref:0 ;
in:303 out:305 type:b dur:2 cpbdur:2 q:26.26 aq:21.74 tex:2884 mv:1780 misc:704 imb:7 pmb:207 smb:2090 d:- ref:0 ;
in:305 out:306 type:b dur:2 cpbdur:2 q:26.26 aq:25.91 tex:2417 mv:1642 misc:637 imb:4 pmb:189 smb:2111 d:- ref:0 ;
in:310 out:307 type:P dur:2 cpbdur:2 q:26.26 aq:16.49 tex:47221 mv:4215 misc:1388 imb:59 pmb:652 smb:1593 d:- ref:0 ;
in:308 out:308 type:B dur:2 cpbdur:2 q:26.26 aq:21.41 tex:4972 mv:2168 misc:892 imb:2 pmb:281 smb:2021 d:- ref:0 ;
in:307 out:309 type:b dur:2 cpbdur:2 q:26.26 aq:26.73 tex:2338 mv:1592 misc:678 imb:2 pmb:196 smb:2106 d:- ref:0 ;
in:309 out:310 type:b dur:2 cpbdur:2 q:26.26 aq:23.59 tex:1980 mv:1561 misc:619 imb:3 pmb:186 smb:2115 d:- ref:0 ;
in:314 out:311 type:P dur:2 cpbdur:2 q:26.26 aq:17.17 tex:43847 mv:3961 misc:1304 imb:63 pmb:635 smb:1606 d:- ref:0 ;
in:312 out:312 type:B dur:2 cpbdur:2 q:26.26 aq:23.01 tex:5374 mv:2084 misc:766 imb:4 pmb:257 smb:2043 d:- ref:0 ;
in:311 out:313 type:b dur:2 cpbdur:2 q:26.26 aq:24.08 tex:2226 mv:1536 misc:614 imb:2 pmb:192 smb:2110 d:- ref:0 ;
in:313 out:314 type:b dur:2 cpbdur:2 q:26.26 aq:21.77 tex:2384 mv:1440 misc:608 imb:0 pmb:178 smb:2126 d:- ref:0 ;
in:318 out:315 type:P dur:2 cpbdur:2 q:26.26 aq:17.37 tex:57388 mv:4333 misc:1495 imb:66 pmb:687 smb:1551 d:- ref:0 ;
in:316 out:316 type:B dur:2 cpbdur:2 q:26.26 aq:24.92 tex:6655 mv:2175 misc:850 imb:3 pmb:269 smb:2032 d:- ref:0 ;
in:315 out:317 type:b dur:2 cpbdur:2 q:26.26 aq:21.44 tex:2495 mv:1520 misc:625 imb:4 pmb:187 smb:2113 d:- ref:0 ;
in:317 out:318 type:b dur:2 cpbdur:2 q:26.26 aq:22.58 tex:2044 mv:1440 misc:620 imb:1 pmb:175 smb:2128 d:- ref:0 ;
in:320 out:319 type:P dur:2 cpbdur:2 q:26.26 aq:16.84 tex:35190 mv:2959 misc:1387 imb:36 pmb:551 smb:1717 d:- ref:0 ;
in:319 out:320 type:b dur:2 cpbdur:2 q:26.26 aq:19.44 tex:2023 mv:1419 misc:590 imb:3 pmb:173 smb:2128 d:- ref:0 ;
in:322 out:321 type:P dur:2 cpbdur:2 q:26.26 aq:16.80 tex:34999 mv:2948 misc:1309 imb:29 pmb:549 smb:1726 d:- ref:0 ;
in:321 out:322 type:b dur:2 cpbdur:2 q:26.26 aq:26.94 tex:2202 mv:1527 misc:583 imb:2 pmb:179 smb:2123 d:- ref:0 ;
in:324 out:323 type:P dur:2 cpbdur:2 q:26.26 aq:16.38 tex:45225 mv:3957 misc:1346 imb:43 pmb:629 smb:1632 d:- ref:0 ;
in:323 out:324 type:b dur:2 cpbdur:2 q:26.26 aq:26.04 tex:2548 mv:1987 misc:737 imb:2 pmb:220 smb:2082 d:- ref:0 ;
in:328 out:325 type:P dur:2 cpbdur:2 q:26.26 aq:17.05 tex:49361 mv:4244 misc:1291 imb:58 pmb:638 smb:1608 d:- ref:0 ;
in:326 out:326 type:B dur:2 cpbdur:2 q:26.26 aq:22.70 tex:4539 mv:2333 misc:856 imb:7 pmb:270 smb:2027 d:- ref:0 ;
in:325 out:327 type:b dur:2 cpbdur:2 q:26.26 aq:23.22 tex:2001 mv:1596 misc:611 imb:3 pmb:178 smb:2123 d:- ref:0 ;
in:327 out:328 type:b dur:2 cpbdur:2 q:26.26 aq:18.35 tex:2342 mv:1541 misc:637 imb:4 pmb:184 smb:2116 d:- ref:0 ;
in:332 out:329 type:P dur:2 cpbdur:2 q:26.26 aq:16.80 tex:52231 mv:4624 misc:1393 imb:68 pmb:668 smb:1568 d:- ref:0 ;
in:330 out:330 type:B dur:2 cpbdur:2 q:26.26 aq:21.50 tex:5388 mv:2340 misc:912 imb:7 pmb:281 smb:2016 d:- ref:0 ;
in:329 out:331 type:b dur:2 cpbdur:2 q:26.26 aq:22.83 tex:2583 mv:1745 misc:696 imb:5 pmb:204 smb:2095 d:- ref:0 ;
in:331 out:332 type:b dur:2 cpbdur:2 q:26.26 aq:23.26 tex:2418 mv:1624 misc:662 imb:6 pmb:190 smb:2108 d:- ref:0 ;
in:336 out:333 type:P dur:2 cpbdur:2 q:26.26 aq:16.93 tex:50080 mv:4132 misc:1276 imb:64 pmb:606 smb:1634 d:- ref:0 ;
in:334 out:334 type:B dur:2 cpbdur:2 q:26.26 aq:21.49 tex:3809 mv:2043 misc:804 imb:3 pmb:240 smb:2061 d:- ref:0 ;
in:333 out:335 type:b dur:2 cpbdur:2 q:26.26 aq:26.15 tex:2034 mv:1551 misc:639 imb:5 pmb:183 smb:2116 d:- ref:0 ;
in:335 out:336 type:b dur:2 cpbdur:2 q:26.26 aq:24.94 tex:1533 mv:1452 misc:591 imb:5 pmb:170 smb:2129 d:- ref:0 ;
in:340 out:337 type:P dur:2 cpbdur:2 q:26.26 aq:17.48 tex:50706 mv:4151 misc:1311 imb:65 pmb:637 smb:1602 d:- ref:0 ;
in:338 out:338 type:B dur:2 cpbdur:2 q:26.26 aq:22.40 tex:3545 mv:2091 misc:836 imb:3 pmb:251 smb:2050 d:- ref:0 ;
in:337 out:339 type:b dur:2 cpbdur:2 q:26.26 aq:21.43 tex:2144 mv:1625 misc:623 imb:5 pmb:181 smb:2118 d:- ref:0 ;
in:339 out:340 type:b dur:2 cpbdur:2 q:26.26 aq:23.88 tex:1758 mv:1520 misc:586 imb:3 pmb:178 smb:2123 d:- ref:0 ;
in:343 out:341 type:P dur:2 cpbdur:2 q:26.26 aq:17.12 tex:45367 mv:3927 misc:1258 imb:66 pmb:614 smb:1624 d:- ref:0 ;
in:341 out:342 type:B dur:2 cpbdur:2 q:26.26 aq:24.59 tex:2523 mv:2072 misc:725 imb:6 pmb:233 smb:2065 d:- ref:0 ;
in:342 out:343 type:b dur:2 cpbdur:2 q:26.26 aq:16.98 tex:1913 mv:1593 misc:598 imb:5 pmb:181 smb:2118 d:- ref:0 ;
in:347 out:344 type:P dur:2 cpbdur:2 q:26.26 aq:16.95 tex:50972 mv:4377 misc:1291 imb:75 pmb:666 smb:1563 d:- ref:0 ;
in:345 out:345 type:B dur:2 cpbdur:2 q:26.26 aq:22.33 tex:4198 mv:2261 misc:885 imb:4 pmb:272 smb:2028 d:- ref:0 ;
in:344 out:346 type:b dur:2 cpbdur:2 q:26.26 aq:21.41 tex:2080 mv:1567 misc:609 imb:3 pmb:183 smb:2118 d:- ref:0 ;
in:346 out:347 type:b dur:2 cpbdur:2 q:26.26 aq:23.01 tex:1914 mv:1501 misc:641 imb:4 pmb:188 smb:2112 d:- ref:0 ;
in:349 out:348 type:P dur:2 cpbdur:2 q:26.26 aq:17.16 tex:44124 mv:3355 misc:1281 imb:46 pmb:606 smb:1652 d:- ref:0 ;
in:348 out:349 type:b dur:2 cpbdur:2 q:26.26 aq:21.37 tex:2070 mv:1689 misc:665 imb:6 pmb:202 smb:2096 d:- ref:0 ;
in:352 out:350 type:P dur:2 cpbdur:2 q:26.26 aq:17.67 tex:41207 mv:3558 misc:1323 imb:63 pmb:586 smb:1655 d:- ref:0 ;
in:350 out:351 type:B dur:2 cpbdur:2 q:26.26 aq:22.88 tex:3422 mv:1716 misc:710 imb:7 pmb:222 smb:2075 d:- ref:0 ;
in:351 out:352 type:b dur:2 cpbdur:2 q:26.26 aq:21.59 tex:1606 mv:1438 misc:644 imb:6 pmb:183 smb:2115 d:- ref:0 ;
in:354 out:353 type:P dur:2 cpbdur:2 q:26.26 aq:17.64 tex:42643 mv:3108 misc:1209 imb:43 pmb:549 smb:1712 d:- ref:0 ;
in:353 out:354 type:b dur:2 cpbdur:2 q:26.26 aq:21.07 tex:1778 mv:1645 misc:665 imb:2 pmb:191 smb:2111 d:- ref:0 ;
in:357 out:355 type:P dur:2 cpbdur:2 q:26.26 aq:17.76 tex:43056 mv:3574 misc:1250 imb:68 pmb:580 smb:1656 d:- ref:0 ;
in:355 out:356 type:B dur:2 cpbdur:2 q:26.26 aq:21.82 tex:3619 mv:1917 misc:688 imb:7 pmb:235 smb:2062 d:- ref:0 ;
in:356 out:357 type:b dur:2 cpbdur:2 q:26.26 aq:24.15 tex:1952 mv:1522 misc:638 imb:7 pmb:196 smb:2101 d:- ref:0 ;
in:359 out:358 type:P dur:2 cpbdur:2 q:26.26 aq:17.88 tex:35917 mv:2790 misc:1213 imb:41 pmb:500 smb:1763 d:- ref:0 ;
in:358 out:359 type:b dur:2 cpbdur:2 q:26.26 aq:19.77 tex:908 mv:1404 misc:544 imb:3 pmb:153 smb:2148 d:- ref:0 ;
in:363 out:360 type:P dur:2 cpbdur:2 q:26.26 aq:18.04 tex:51312 mv:3753 misc:1447 imb:86 pmb:612 smb:1606 d:- ref:0 ;
in:361 out:361 type:B dur:2 cpbdur:2 q:26.26 aq:21.08 tex:5464 mv:2185 misc:895 imb:16 pmb:285 smb:2003 d:- ref:0 ;
in:360 out:362 type:b dur:2 cpbdur:2 q:26.26 aq:20.96 tex:1679 mv:1562 misc:695 imb:6 pmb:197 smb:2101 d:- ref:0 ;
in:362 out:363 type:b dur:2 cpbdur:2 q:26.26 aq:19.07 tex:1281 mv:1410 misc:637 imb:6 pmb:173 smb:2125 d:- ref:0 ;
in:367 out:364 type:P dur:2 cpbdur:2 q:26.26 aq:18.14 tex:47843 mv:3468 misc:1217 imb:62 pmb:574 smb:1668 d:- ref:0 ;
in:365 out:365 type:B dur:2 cpbdur:2 q:26.26 aq:21.87 tex:4147 mv:2149 misc:824 imb:12 pmb:257 smb:2035 d:- ref:0 ;
in:364 out:366 type:b dur:2 cpbdur:2 q:26.26 aq:21.12 tex:1654 mv:1526 misc:636 imb:4 pmb:182 smb:2118 d:- ref:0 ;
in:366 out:367 type:b dur:2 cpbdur:2 q:26.26 aq:20.03 tex:1360 mv:1386 misc:598 imb:1 pmb:174 smb:2129 d:- ref:0 ;
in:370 out:368 type:P dur:2 cpbdur:2 q:26.26 aq:18.40 tex:33971 mv:2870 misc:1319 imb:50 pmb:504 smb:1750 d:- ref:0 ;
in:368 out:369 type:B dur:2 cpbdur:2 q:26.26 aq:23.84 tex:3049 mv:1575 misc:672 imb:3 pmb:206 smb:2095 d:- ref:0 ;
in:369 out:370 type:b dur:2 cpbdur:2 q:26.26 aq:19.65 tex:1783 mv:1352 misc:609 imb:2 pmb:177 smb:2125 d:- ref:0 ;
in:374 out:371 type:P dur:2 cpbdur:2 q:26.26 aq:18.26 tex:42781 mv:3168 misc:1403 imb:37 pmb:539 smb:1728 d:- ref:0 ;
in:372 out:372 type:B dur:2 cpbdur:2 q:26.26 aq:21.00 tex:5336 mv:1935 misc:841 imb:6 pmb:260 smb:2038 d:- ref:0 ;
in:371 out:373 type:b dur:2 cpbdur:2 q:26.26 aq:22.05 tex:3185 mv:1503 misc:680 imb:2 pmb:212 smb:2090 d:- ref:0 ;
in:373 out:374 type:b dur:2 cpbdur:2 q:26.26 aq:23.16 tex:1746 mv:1314 misc:628 imb:1 pmb:175 smb:2128 d:- ref:0 ;
in:378 out:375 type:P dur:2 cpbdur:2 q:26.26 aq:17.01 tex:213151 mv:10502 misc:851 imb:465 pmb:1669 smb:170 d:- ref:0 ;
in:376 out:376 type:B dur:2 cpbdur:2 q:26.26 aq:19.14 tex:3468 mv:2152 misc:1612 imb:7 pmb:487 smb:1810 d:- ref:0 ;
in:375 out:377 type:b dur:2 cpbdur:2 q:26.26 aq:17.53 tex:3323 mv:1843 misc:1282 imb:11 pmb:357 smb:1936 d:- ref:0 ;
in:377 out:378 type:b dur:2 cpbdur:2 q:26.26 aq:17.43 tex:1077 mv:1214 misc:493 imb:0 pmb:154 smb:2150 d:- ref:0 ;
in:380 out:379 type:P dur:2 cpbdur:2 q:26.26 aq:17.25 tex:34587 mv:2555 misc:1978 imb:19 pmb:733 smb:1552 d:- ref:0 ;
in:379 out:380 type:b dur:2 cpbdur:2 q:26.26 aq:26.33 tex:1889 mv:1217 misc:470 imb:0 pmb:149 smb:2155 d:- ref:0 ;
in:383 out:381 type:P dur:2 cpbdur:2 q:26.26 aq:15.60 tex:23869 mv:2290 misc:1465 imb:14 pmb:485 smb:1805 d:- ref:0 ;
in:381 out:382 type:B dur:2 cpbdur:2 q:26.26 aq:19.48 tex:2860 mv:1585 misc:515 imb:4 pmb:175 smb:2125 d:- ref:0 ;
in:382 out:383 type:b dur:2 cpbdur:2 q:26.26 aq:19.60 tex:1604 mv:1260 misc:448 imb:1 pmb:160 smb:2143 d:- ref:0 ;
in:387 out:384 type:P dur:2 cpbdur:2 q:26.26 aq:15.38 tex:34311 mv:2984 misc:1145 imb:26 pmb:537 smb:1741 d:- ref:0 ;
in:385 out:385 type:B dur:2 cpbdur:2 q:26.26 aq:20.91 tex:3363 mv:2105 misc:660 imb:4 pmb:223 smb:2077 d:- ref:0 ;
in:384 out:386 type:b dur:2 cpbdur:2 q:26.26 aq:19.38 tex:1509 mv:1251 misc:504 imb:1 pmb:156 smb:2147 d:- ref:0 ;
in:386 out:387 type:b dur:2 cpbdur:2 q:26.26 aq:20.60 tex:1665 mv:1324 misc:515 imb:1 pmb:150 smb:2153 d:- ref:0 ;
in:391 out:388 type:P dur:2 cpbdur:2 q:26.26 aq:16.47 tex:32979 mv:2982 misc:1271 imb:21 pmb:543 smb:1740 d:- ref:0 ;
in:389 out:389 type:B dur:2 cpbdur:2 q:26.26 aq:20.20 tex:4320 mv:2013 misc:667 imb:6 pmb:229 smb:2069 d:- ref:0 ;
in:388 out:390 type:b dur:2 cpbdur:2 q:26.26 aq:19.33 tex:1794 mv:1312 misc:518 imb:1 pmb:150 smb:2153 d:- ref:0 ;
in:390 out:391 type:b dur:2 cpbdur:2 q:26.26 aq:21.44 tex:1575 mv:1322 misc:543 imb:0 pmb:158 smb:2146 d:- ref:0 ;
in:395 out:392 type:P dur:2 cpbdur:2 q:26.26 aq:15.34 tex:34856 mv:3151 misc:1137 imb:32 pmb:524 smb:1748 d:- ref:0 ;
in:393 out:393 type:B dur:2 cpbdur:2 q:26.26 aq:19.78 tex:4444 mv:2091 misc:721 imb:2 pmb:249 smb:2053 d:- ref:0 ;
in:392 out:394 type:b dur:2 cpbdur:2 q:26.26 aq:21.42 tex:2546 mv:1355 misc:555 imb:1 pmb:171 smb:2132 d:- ref:0 ;
in:394 out:395 type:b dur:2 cpbdur:2 q:26.26 aq:20.22 tex:1796 mv:1335 misc:541 imb:2 pmb:158 smb:2144 d:- ref:0 ;
in:399 out:396 type:P dur:2 cpbdur:2 q:26.26 aq:15.54 tex:45255 mv:3369 misc:1216 imb:26 pmb:559 smb:1719 d:- ref:0 ;
in:397 out:397 type:B dur:2 cpbdur:2 q:26.26 aq:22.07 tex:5974 mv:2203 misc:775 imb:4 pmb:278 smb:2022 d:- ref:0 ;
in:396 out:398 type:b dur:2 cpbdur:2 q:26.26 aq:21.70 tex:3703 mv:1626 misc:615 imb:3 pmb:214 smb:2087 d:- ref:0 ;
in:398 out:399 type:b dur:2 cpbdur:2 q:26.26 aq:22.35 tex:1877 mv:1327 misc:524 imb:2 pmb:164 smb:2138 d:- ref:0 ;
in:403 out:400 type:P dur:2 cpbdur:2 q:26.26 aq:15.82 tex:40656 mv:3012 misc:1292 imb:29 pmb:541 smb:1734 d:- ref:0 ;
in:401 out:401 type:B dur:2 cpbdur:2 q:26.26 aq:20.22 tex:4526 mv:1931 misc:711 imb:8 pmb:231 smb:2065 d:- ref:0 ;
in:400 out:402 type:b dur:2 cpbdur:2 q:26.26 aq:24.55 tex:2824 mv:1310 misc:578 imb:2 pmb:169 smb:2133 d:- ref:0 ;
in:402 out:403 type:b dur:2 cpbdur:2 q:26.26 aq:22.11 tex:2061 mv:1310 misc:589 imb:0 pmb:171 smb:2133 d:- ref:0 ;
in:407 out:404 type:P dur:2 cpbdur:2 q:26.26 aq:15.30 tex:38899 mv:3230 misc:1183 imb:33 pmb:499 smb:1772 d:- ref:0 ;
in:405 out:405 type:B dur:2 cpbdur:2 q:26.26 aq:20.76 tex:4928 mv:2013 misc:707 imb:0 pmb:260 smb:2044 d:- ref:0 ;
in:404 out:406 type:b dur:2 cpbdur:2 q:26.26 aq:18.25 tex:2676 mv:1437 misc:559 imb:5 pmb:162 smb:2137 d:- ref:0 ;
in:406 out:407 type:b dur:2 cpbdur:2 q:26.26 aq:19.47 tex:2508 mv:1511 misc:557 imb:0 pmb:171 smb:2133 d:- ref:0 ;
in:411 out:408 type:P dur:2 cpbdur:2 q:26.26 aq:14.99 tex:37548 mv:3174 misc:1150 imb:28 pmb:513 smb:1763 d:- ref:0 ;
in:409 out:409 type:B dur:2 cpbdur:2 q:26.26 aq:19.27 tex:4983 mv:2123 misc:734 imb:1 pmb:255 smb:2048 d:- ref:0 ;
in:408 out:410 type:b dur:2 cpbdur:2 q:26.26 aq:21.04 tex:2285 mv:1408 misc:531 imb:0 pmb:164 smb:2140 d:- ref:0 ;
in:410 out:411 type:b dur:2 cpbdur:2 q:26.26 aq:20.49 tex:2288 mv:1340 misc:612 imb:4 pmb:167 smb:2133 d:- ref:0 ;
in:413 out:412 type:P dur:2 cpbdur:2 q:26.26 aq:15.61 tex:36906 mv:2731 misc:1195 imb:30 pmb:506 smb:1768 d:- ref:0 ;
in:412 out:413 type:b dur:2 cpbdur:2 q:26.26 aq:19.63 tex:2147 mv:1344 misc:581 imb:1 pmb:167 smb:2136 d:- ref:0 ;
in:415 out:414 type:P dur:2 cpbdur:2 q:26.26 aq:15.73 tex:32321 mv:2422 misc:1121 imb:26 pmb:443 smb:1835 d:- ref:0 ;
in:414 out:415 type:b dur:2 cpbdur:2 q:26.26 aq:13.49 tex:2005 mv:1368 misc:515 imb:2 pmb:146 smb:2156 d:- ref:0 ;
in:417 out:416 type:P dur:2 cpbdur:2 q:26.26 aq:14.40 tex:30380 mv:2192 misc:1060 imb:21 pmb:413 smb:1870 d:- ref:0 ;
in:416 out:417 type:b dur:2 cpbdur:2 q:26.26 aq:19.24 tex:1569 mv:1216 misc:487 imb:1 pmb:140 smb:2163 d:- ref:0 ;
in:419 out:418 type:P dur:2 cpbdur:2 q:26.26 aq:14.82 tex:28767 mv:2261 misc:1140 imb:19 pmb:420 smb:1865 d:- ref:0 ;
in:418 out:419 type:b dur:2 cpbdur:2 q:26.26 aq:23.38 tex:1865 mv:1471 misc:520 imb:4 pmb:149 smb:2151 d:- ref:0 ;
in:423 out:420 type:P dur:2 cpbdur:2 q:26.26 aq:15.44 tex:43910 mv:3921 misc:1313 imb:59 pmb:591 smb:1654 d:- ref:0 ;
in:421 out:421 type:B dur:2 cpbdur:2 q:26.26 aq:22.09 tex:4732 mv:2149 misc:791 imb:5 pmb:262 smb:2037 d:- ref:0 ;
in:420 out:422 type:b dur:2 cpbdur:2 q:26.26 aq:18.86 tex:2222 mv:1674 misc:664 imb:5 pmb:199 smb:2100 d:- ref:0 ;
in:422 out:423 type:b dur:2 cpbdur:2 q:26.26 aq:23.14 tex:2008 mv:1330 misc:542 imb:2 pmb:156 smb:2146 d:- ref:0 ;
in:427 out:424 type:P dur:2 cpbdur:2 q:26.26 aq:16.46 tex:42724 mv:3659 misc:1297 imb:42 pmb:556 smb:1706 d:- ref:0 ;
in:425 out:425 type:B dur:2 cpbdur:2 q:26.26 aq:22.26 tex:4196 mv:2092 misc:776 imb:3 pmb:250 smb:2051 d:- ref:0 ;
in:424 out:426 type:b dur:2 cpbdur:2 q:26.26 aq:15.66 tex:1696 mv:1406 misc:554 imb:0 pmb:159 smb:2145 d:- ref:0 ;
in:426 out:427 type:b dur:2 cpbdur:2 q:26.26 aq:19.75 tex:1771 mv:1436 misc:617 imb:4 pmb:165 smb:2135 d:- ref:0 ;
in:430 out:428 type:P dur:2 cpbdur:2 q:26.26 aq:15.41 tex:36538 mv:3139 misc:1259 imb:41 pmb:525 smb:1738 d:- ref:0 ;
in:428 out:429 type:B dur:2 cpbdur:2 q:26.26 aq:22.32 tex:3138 mv:1546 misc:676 imb:1 pmb:191 smb:2112 d:- ref:0 ;
in:429 out:430 type:b dur:2 cpbdur:2 q:26.26 aq:20.47 tex:1873 mv:1305 misc:542 imb:1 pmb:156 smb:2147 d:- ref:0 ;
in:433 out:431 type:P dur:2 cpbdur:2 q:26.26 aq:15.69 tex:31914 mv:2934 misc:1280 imb:51 pmb:496 smb:1757 d:- ref:0 ;
in:431 out:432 type:B dur:2 cpbdur:2 q:26.26 aq:19.84 tex:2862 mv:1555 misc:663 imb:4 pmb:197 smb:2103 d:- ref:0 ;
in:432 out:433 type:b dur:2 cpbdur:2 q:26.26 aq:16.55 tex:1609 mv:1261 misc:594 imb:1 pmb:163 smb:2140 d:- ref:0 ;
in:437 out:434 type:P dur:2 cpbdur:2 q:26.26 aq:15.60 tex:47560 mv:3527 misc:1233 imb:49 pmb:547 smb:1708 d:- ref:0 ;
in:435 out:435 type:B dur:2 cpbdur:2 q:26.26 aq:20.23 tex:4778 mv:2108 misc:746 imb:6 pmb:238 smb:2060 d:- ref:0 ;
in:434 out:436 type:b dur:2 cpbdur:2 q:26.26 aq:18.39 tex:1610 mv:1372 misc:578 imb:0 pmb:163 smb:2141 d:- ref:0 ;
in:436 out:437 type:b dur:2 cpbdur:2 q:26.26 aq:24.23 tex:1843 mv:1357 misc:568 imb:1 pmb:168 smb:2135 d:- ref:0 ;
in:440 out:438 type:P dur:2 cpbdur:2 q:26.26 aq:15.90 tex:33565 mv:3222 misc:1309 imb:45 pmb:536 smb:1723 d:- ref:0 ;
in:438 out:439 type:B dur:2 cpbdur:2 q:26.26 aq:19.87 tex:2626 mv:1640 misc:638 imb:3 pmb:194 smb:2107 d:- ref:0 ;
in:439 out:440 type:b dur:2 cpbdur:2 q:26.26 aq:23.03 tex:2107 mv:1342 misc:615 imb:2 pmb:173 smb:2129 d:- ref:0 ;
in:443 out:441 type:P dur:2 cpbdur:2 q:26.26 aq:15.60 tex:39477 mv:3105 misc:1250 imb:40 pmb:542 smb:1722 d:- ref:0 ;
in:441 out:442 type:B dur:2 cpbdur:2 q:26.26 aq:22.71 tex:2967 mv:1726 misc:723 imb:0 pmb:232 smb:2072 d:- ref:0 ;
in:442 out:443 type:b dur:2 cpbdur:2 q:26.26 aq:23.21 tex:1148 mv:1250 misc:586 imb:4 pmb:162 smb:2138 d:- ref:0 ;
in:444 out:444 type:P dur:2 cpbdur:2 q:26.26 aq:16.29 tex:36426 mv:2727 misc:1279 imb:33 pmb:510 smb:1761 d:- ref:0 ;
in:446 out:445 type:P dur:2 cpbdur:2 q:26.26 aq:16.47 tex:36096 mv:2598 misc:1266 imb:18 pmb:514 smb:1772 d:- ref:0 ;
in:445 out:446 type:b dur:2 cpbdur:2 q:26.26 aq:20.47 tex:1534 mv:1397 misc:557 imb:1 pmb:163 smb:2140 d:- ref:0 ;
in:448 out:447 type:P dur:2 cpbdur:2 q:26.26 aq:15.21 tex:33969 mv:2605 misc:1154 imb:21 pmb:487 smb:1796 d:- ref:0 ;
in:447 out:448 type:b dur:2 cpbdur:2 q:26.26 aq:21.61 tex:1633 mv:1401 misc:558 imb:2 pmb:153 smb:2149 d:- ref:0 ;
in:451 out:449 type:P dur:2 cpbdur:2 q:26.26 aq:15.15 tex:38818 mv:3147 misc:1219 imb:35 pmb:520 smb:1749 d:- ref:0 ;
in:449 out:450 type:B dur:2 cpbdur:2 q:26.26 aq:24.14 tex:3421 mv:1516 misc:663 imb:2 pmb:200 smb:2102 d:- ref:0 ;
in:450 out:451 type:b dur:2 cpbdur:2 q:26.26 aq:23.88 tex:2181 mv:1460 misc:679 imb:2 pmb:189 smb:2113 d:- ref:0 ;
in:455 out:452 type:P dur:2 cpbdur:2 q:26.26 aq:15.27 tex:43721 mv:3407 misc:1192 imb:42 pmb:535 smb:1727 d:- ref:0 ;
in:453 out:453 type:B dur:2 cpbdur:2 q:26.26 aq:22.61 tex:4338 mv:2107 misc:787 imb:0 pmb:255 smb:2049 d:- ref:0 ;
in:452 out:454 type:b dur:2 cpbdur:2 q:26.26 aq:22.74 tex:1931 mv:1476 misc:609 imb:2 pmb:165 smb:2137 d:- ref:0 ;
in:454 out:455 type:b dur:2 cpbdur:2 q:26.26 aq:21.66 tex:1799 mv:1212 misc:597 imb:4 pmb:155 smb:2145 d:- ref:0 ;
in:458 out:456 type:P dur:2 cpbdur:2 q:26.26 aq:14.37 tex:35389 mv:2831 misc:1220 imb:31 pmb:489 smb:1784 d:- ref:0 ;
in:456 out:457 type:B dur:2 cpbdur:2 q:26.26 aq:20.91 tex:2660 mv:1589 misc:687 imb:1 pmb:200 smb:2103 d:- ref:0 ;
in:457 out:458 type:b dur:2 cpbdur:2 q:26.26 aq:22.16 tex:1875 mv:1351 misc:622 imb:2 pmb:165 smb:2137 d:- ref:0 ;
in:462 out:459 type:P dur:2 cpbdur:2 q:26.26 aq:15.37 tex:39106 mv:3162 misc:1316 imb:36 pmb:522 smb:1746 d:- ref:0 ;
in:460 out:460 type:B dur:2 cpbdur:2 q:26.26 aq:21.86 tex:3322 mv:2011 misc:779 imb:4 pmb:242 smb:2058 d:- ref:0 ;
in:459 out:461 type:b dur:2 cpbdur:2 q:26.26 aq:21.40 tex:2034 mv:1374 misc:576 imb:1 pmb:157 smb:2146 d:- ref:0 ;
in:461 out:462 type:b dur:2 cpbdur:2 q:26.26 aq:22.17 tex:1545 mv:1400 misc:623 imb:1 pmb:168 smb:2135 d:- ref:0 ;
in:466 out:463 type:P dur:2 cpbdur:2 q:26.26 aq:15.54 tex:41659 mv:3449 misc:1276 imb:48 pmb:535 smb:1721 d:- ref:0 ;
in:464 out:464 type:B dur:2 cpbdur:2 q:26.26 aq:20.15 tex:3814 mv:2122 misc:832 imb:5 pmb:259 smb:2040 d:- ref:0 ;
in:463 out:465 type:b dur:2 cpbdur:2 q:26.26 aq:21.50 tex:1801 mv:1503 misc:680 imb:2 pmb:174 smb:2128 d:- ref:0 ;
in:465 out:466 type:b dur:2 cpbdur:2 q:26.26 aq:18.71 tex:1325 mv:1398 misc:605 imb:2 pmb:162 smb:2140 d:- ref:0 ;
in:470 out:467 type:P dur:2 cpbdur:2 q:26.26 aq:15.90 tex:47312 mv:3696 misc:1312 imb:49 pmb:533 smb:1722 d:- ref:0 ;
in:468 out:468 type:B dur:2 cpbdur:2 q:26.26 aq:22.07 tex:5523 mv:2501 misc:904 imb:5 pmb:282 smb:2017 d:- ref:0 ;
in:467 out:469 type:b dur:2 cpbdur:2 q:26.26 aq:21.97 tex:2174 mv:1685 misc:693 imb:0 pmb:200 smb:2104 d:- ref:0 ;
in:469 out:470 type:b dur:2 cpbdur:2 q:26.26 aq:20.99 tex:1900 mv:1234 misc:610 imb:1 pmb:156 smb:2147 d:- ref:0 ;
in:474 out:471 type:P dur:2 cpbdur:2 q:26.26 aq:16.27 tex:42488 mv:3735 misc:1321 imb:52 pmb:584 smb:1668 d:- ref:0 ;
in:472 out:472 type:B dur:2 cpbdur:2 q:26.26 aq:21.87 tex:4761 mv:2149 misc:850 imb:6 pmb:250 smb:2048 d:- ref:0 ;
in:471 out:473 type:b dur:2 cpbdur:2 q:26.26 aq:23.12 tex:2389 mv:1316 misc:631 imb:3 pmb:165 smb:2136 d:- ref:0 ;
in:473 out:474 type:b dur:2 cpbdur:2 q:26.26 aq:20.46 tex:1875 mv:1432 misc:613 imb:1 pmb:166 smb:2137 d:- ref:0 ;
in:478 out:475 type:P dur:2 cpbdur:2 q:26.26 aq:17.17 tex:45455 mv:3652 misc:1293 imb:52 pmb:573 smb:1679 d:- ref:0 ;
in:476 out:476 type:B dur:2 cpbdur:2 q:26.26 aq:20.44 tex:5211 mv:2272 misc:861 imb:6 pmb:275 smb:2023 d:- ref:0 ;
in:475 out:477 type:b dur:2 cpbdur:2 q:26.26 aq:22.37 tex:1712 mv:1397 misc:651 imb:1 pmb:171 smb:2132 d:- ref:0 ;
in:477 out:478 type:b dur:2 cpbdur:2 q:26.26 aq:20.80 tex:1965 mv:1482 misc:617 imb:1 pmb:173 smb:2130 d:- ref:0 ;
in:481 out:479 type:P dur:2 cpbdur:2 q:26.26 aq:17.99 tex:42137 mv:3493 misc:1194 imb:51 pmb:541 smb:1712 d:- ref:0 ;
in:479 out:480 type:B dur:2 cpbdur:2 q:26.26 aq:20.27 tex:3882 mv:1780 misc:690 imb:1 pmb:214 smb:2089 d:- ref:0 ;
in:480 out:481 type:b dur:2 cpbdur:2 q:26.26 aq:22.83 tex:2165 mv:1431 misc:628 imb:3 pmb:177 smb:2124 d:- ref:0 ;
in:483 out:482 type:P dur:2 cpbdur:2 q:26.26 aq:17.00 tex:38388 mv:2891 misc:1161 imb:39 pmb:493 smb:1772 d:- ref:0 ;
in:482 out:483 type:b dur:2 cpbdur:2 q:26.26 aq:20.77 tex:1813 mv:1485 misc:654 imb:0 pmb:173 smb:2131 d:- ref:0 ;
in:487 out:484 type:P dur:2 cpbdur:2 q:26.26 aq:16.60 tex:42432 mv:3423 misc:1265 imb:42 pmb:525 smb:1737 d:- ref:0 ;
in:485 out:485 type:B dur:2 cpbdur:2 q:26.26 aq:22.43 tex:4586 mv:2003 misc:811 imb:3 pmb:248 smb:2053 d:- ref:0 ;
in:484 out:486 type:b dur:2 cpbdur:2 q:26.26 aq:22.49 tex:2153 mv:1618 misc:677 imb:2 pmb:184 smb:2118 d:- ref:0 ;
in:486 out:487 type:b dur:2 cpbdur:2 q:26.26 aq:20.98 tex:1867 mv:1390 misc:639 imb:3 pmb:167 smb:2134 d:- ref:0 ;
in:491 out:488 type:P dur:2 cpbdur:2 q:26.26 aq:16.83 tex:37939 mv:3045 misc:1176 imb:43 pmb:483 smb:1778 d:- ref:0 ;
in:489 out:489 type:B dur:2 cpbdur:2 q:26.26 aq:20.91 tex:4166 mv:1853 misc:757 imb:5 pmb:224 smb:2075 d:- ref:0 ;
in:488 out:490 type:b dur:2 cpbdur:2 q:26.26 aq:22.76 tex:1823 mv:1396 misc:573 imb:2 pmb:164 smb:2138 d:- ref:0 ;
in:490 out:491 type:b dur:2 cpbdur:2 q:26.26 aq:21.35 tex:2043 mv:1408 misc:613 imb:1 pmb:170 smb:2133 d:- ref:0 ;
in:493 out:492 type:P dur:2 cpbdur:2 q:26.26 aq:16.53 tex:33838 mv:2692 misc:1118 imb:37 pmb:446 smb:1821 d:- ref:0 ;
in:492 out:493 type:b dur:2 cpbdur:2 q:26.26 aq:22.34 tex:1639 mv:1571 misc:614 imb:2 pmb:180 smb:2122 d:- ref:0 ;
in:497 out:494 type:P dur:2 cpbdur:2 q:26.26 aq:17.00 tex:212123 mv:10410 misc:811 imb:493 pmb:1657 smb:154 d:- ref:0 ;
in:495 out:495 type:B dur:2 cpbdur:2 q:26.26 aq:19.29 tex:5846 mv:2183 misc:1571 imb:11 pmb:505 smb:1788 d:- ref:0 ;
in:494 out:496 type:b dur:2 cpbdur:2 q:26.26 aq:21.32 tex:3276 mv:1991 misc:1165 imb:5 pmb:325 smb:1974 d:- ref:0 ;
in:496 out:497 type:b dur:2 cpbdur:2 q:26.26 aq:18.79 tex:1213 mv:1201 misc:514 imb:3 pmb:148 smb:2153 d:- ref:0 ;
in:499 out:498 type:P dur:2 cpbdur:2 q:26.26 aq:25.74 tex:4497 mv:1501 misc:698 imb:12 pmb:197 smb:2095 d:- ref:0 ;
in:498 out:499 type:b dur:2 cpbdur:2 q:26.26 aq:13.99 tex:1662 mv:1121 misc:505 imb:0 pmb:150 smb:2154 d:- ref:0 ;
in:500 out:500 type:I dur:2 cpbdur:2 q:23.35 aq:14.16 tex:761353 mv:69712 misc:511 imb:2304 pmb:0 smb:0 d:- ref:;
in:503 out:501 type:P dur:2 cpbdur:2 q:26.26 aq:17.08 tex:16187 mv:2195 misc:1002 imb:19 pmb:368 smb:1917 d:- ref:0 ;
in:501 out:502 type:B dur:2 cpbdur:2 q:26.26 aq:20.60 tex:2887 mv:1510 misc:515 imb:2 pmb:168 smb:2134 d:- ref:0 ;
in:502 out:503 type:b dur:2 cpbdur:2 q:26.26 aq:18.45 tex:1658 mv:1276 misc:498 imb:0 pmb:166 smb:2138 d:- ref:0 ;
in:507 out:504 type:P dur:2 cpbdur:2 q:26.26 aq:16.64 tex:22311 mv:2532 misc:853 imb:20 pmb:392 smb:1892 d:- ref:0 ;
in:505 out:505 type:B dur:2 cpbdur:2 q:26.26 aq:17.86 tex:2912 mv:1631 misc:609 imb:3 pmb:198 smb:2103 d:- ref:0 ;
in:504 out:506 type:b dur:2 cpbdur:2 q:26.26 aq:21.57 tex:1659 mv:1220 misc:497 imb:0 pmb:160 smb:2144 d:- ref:0 ;
in:506 out:507 type:b dur:2 cpbdur:2 q:26.26 aq:21.02 tex:1656 mv:1247 misc:513 imb:1 pmb:144 smb:2159 d:- ref:0 ;
in:509 out:508 type:P dur:2 cpbdur:2 q:26.26 aq:16.80 tex:18861 mv:1985 misc:802 imb:17 pmb:362 smb:1925 d:- ref:0 ;
in:508 out:509 type:b dur:2 cpbdur:2 q:26.26 aq:19.02 tex:1404 mv:1219 misc:505 imb:0 pmb:155 smb:2149 d:- ref:0 ;
in:513 out:510 type:P dur:2 cpbdur:2 q:26.26 aq:15.70 tex:27647 mv:2544 misc:809 imb:17 pmb:418 smb:1869 d:- ref:0 ;
in:511 out:511 type:B dur:2 cpbdur:2 q:26.26 aq:19.25 tex:3736 mv:1805 misc:627 imb:1 pmb:223 smb:2080 d:- ref:0 ;
in:510 out:512 type:b dur:2 cpbdur:2 q:26.26 aq:21.38 tex:1124 mv:1221 misc:495 imb:1 pmb:141 smb:2162 d:- ref:0 ;
in:512 out:513 type:b dur:2 cpbdur:2 q:26.26 aq:21.80 tex:1972 mv:1295 misc:533 imb:0 pmb:161 smb:2143 d:- ref:0 ;
in:515 out:514 type:P dur:2 cpbdur:2 q:26.26 aq:16.52 tex:22269 mv:2234 misc:801 imb:15 pmb:389 smb:1900 d:- ref:0 ;
in:514 out:515 type:b dur:2 cpbdur:2 q:26.26 aq:23.02 tex:1599 mv:1313 misc:544 imb:0 pmb:157 smb:2147 d:- ref:0 ;
in:519 out:516 type:P dur:2 cpbdur:2 q:26.26 aq:18.58 tex:51025 mv:3575 misc:880 imb:35 pmb:526 smb:1743 d:- ref:0 ;
in:517 out:517 type:B dur:2 cpbdur:2 q:26.26 aq:21.61 tex:5269 mv:2644 misc:759 imb:2 pmb:296 smb:2006 d:- ref:0 ;
in:516 out:518 type:b dur:2 cpbdur:2 q:26.26 aq:20.64 tex:2920 mv:1672 misc:568 imb:3 pmb:201 smb:2100 d:- ref:0 ;
in:518 out:519 type:b dur:2 cpbdur:2 q:26.26 aq:26.26 tex:2833 mv:1460 misc:603 imb:1 pmb:180 smb:2123 d:- ref:0 ;
in:523 out:520 type:P dur:2 cpbdur:2 q:26.26 aq:16.35 tex:40272 mv:3995 misc:957 imb:91 pmb:494 smb:1719 d:- ref:0 ;
in:521 out:521 type:B dur:2 cpbdur:2 q:26.26 aq:22.18 tex:13267 mv:2262 misc:815 imb:2 pmb:326 smb:1976 d:- ref:0 ;
in:520 out:522 type:b dur:2 cpbdur:2 q:26.26 aq:22.04 tex:3756 mv:1518 misc:646 imb:4 pmb:197 smb:2103 d:- ref:0 ;
in:522 out:523 type:b dur:2 cpbdur:2 q:26.26 aq:23.68 tex:7552 mv:2091 misc:653 imb:27 pmb:211 smb:2066 d:- ref:0 ;
in:526 out:524 type:P dur:2 cpbdur:2 q:26.26 aq:16.95 tex:54427 mv:3353 misc:868 imb:51 pmb:485 smb:1768 d:- ref:0 ;
in:524 out:525 type:B dur:2 cpbdur:2 q:26.26 aq:23.13 tex:9773 mv:2307 misc:664 imb:10 pmb:268 smb:2026 d:- ref:0 ;
in:525 out:526 type:b dur:2 cpbdur:2 q:26.26 aq:23.27 tex:4063 mv:1550 misc:715 imb:5 pmb:206 smb:2093 d:- ref:0 ;
in:529 out:527 type:P dur:2 cpbdur:2 q:26.26 aq:16.52 tex:61581 mv:3117 misc:862 imb:33 pmb:516 smb:1755 d:- ref:0 ;
in:527 out:528 type:B dur:2 cpbdur:2 q:26.26 aq:24.31 tex:7446 mv:2190 misc:796 imb:4 pmb:296 smb:2004 d:- ref:0 ;
in:528 out:529 type:b dur:2 cpbdur:2 q:26.26 aq:21.75 tex:1649 mv:1327 misc:592 imb:0 pmb:165 smb:2139 d:- ref:0 ;
in:533 out:530 type:P dur:2 cpbdur:2 q:26.26 aq:16.90 tex:42523 mv:3261 misc:1032 imb:30 pmb:512 smb:1762 d:- ref:0 ;
in:531 out:531 type:B dur:2 cpbdur:2 q:26.26 aq:21.75 tex:4462 mv:2353 misc:809 imb:5 pmb:287 smb:2012 d:- ref:0 ;
in:530 out:532 type:b dur:2 cpbdur:2 q:26.26 aq:21.23 tex:2487 mv:1495 misc:642 imb:0 pmb:190 smb:2114 d:- ref:0 ;
in:532 out:533 type:b dur:2 cpbdur:2 q:26.26 aq:20.12 tex:1993 mv:1367 misc:624 imb:0 pmb:178 smb:2126 d:- ref:0 ;
in:537 out:534 type:P dur:2 cpbdur:2 q:26.26 aq:17.25 tex:42239 mv:3144 misc:985 imb:39 pmb:472 smb:1793 d:- ref:0 ;
in:535 out:535 type:B dur:2 cpbdur:2 q:26.26 aq:21.17 tex:4576 mv:2276 misc:812 imb:4 pmb:285 smb:2015 d:- ref:0 ;
in:534 out:536 type:b dur:2 cpbdur:2 q:26.26 aq:19.56 tex:2313 mv:1459 misc:684 imb:2 pmb:184 smb:2118 d:- ref:0 ;
in:536 out:537 type:b dur:2 cpbdur:2 q:26.26 aq:20.82 tex:1570 mv:1377 misc:541 imb:2 pmb:161 smb:2141 d:- ref:0 ;
in:540 out:538 type:P dur:2 cpbdur:2 q:26.26 aq:17.06 tex:38100 mv:2989 misc:951 imb:34 pmb:465 smb:1805 d:- ref:0 ;
in:538 out:539 type:B dur:2 cpbdur:2 q:26.26 aq:21.82 tex:3415 mv:1981 misc:652 imb:2 pmb:222 smb:2080 d:- ref:0 ;
in:539 out:540 type:b dur:2 cpbdur:2 q:26.26 aq:18.58 tex:2431 mv:1731 misc:630 imb:4 pmb:202 smb:2098 d:- ref:0 ;
in:544 out:541 type:P dur:2 cpbdur:2 q:26.26 aq:17.97 tex:52289 mv:3942 misc:1097 imb:108 pmb:521 smb:1675 d:- ref:0 ;
in:542 out:542 type:B dur:2 cpbdur:2 q:26.26 aq:26.85 tex:5152 mv:2260 misc:868 imb:2 pmb:283 smb:2019 d:- ref:0 ;
in:541 out:543 type:b dur:2 cpbdur:2 q:26.26 aq:18.71 tex:3201 mv:1620 misc:635 imb:6 pmb:188 smb:2110 d:- ref:0 ;
in:543 out:544 type:b dur:2 cpbdur:2 q:26.26 aq:24.32 tex:3233 mv:1398 misc:641 imb:3 pmb:180 smb:2121 d:- ref:0 ;
in:546 out:545 type:P dur:2 cpbdur:2 q:26.26 aq:17.68 tex:31721 mv:2959 misc:928 imb:84 pmb:444 smb:1776 d:- ref:0 ;
in:545 out:546 type:b dur:2 cpbdur:2 q:26.26 aq:22.00 tex:3837 mv:2124 misc:559 imb:31 pmb:204 smb:2069 d:- ref:0 ;
in:550 out:547 type:P dur:2 cpbdur:2 q:26.26 aq:16.56 tex:41984 mv:3901 misc:1139 imb:107 pmb:495 smb:1702 d:- ref:0 ;
in:548 out:548 type:B dur:2 cpbdur:2 q:26.26 aq:22.65 tex:5723 mv:2498 misc:787 imb:39 pmb:263 smb:2002 d:- ref:0 ;
in:547 out:549 type:b dur:2 cpbdur:2 q:26.26 aq:21.60 tex:3281 mv:2117 misc:658 imb:28 pmb:196 smb:2080 d:- ref:0 ;
in:549 out:550 type:b dur:2 cpbdur:2 q:26.26 aq:24.09 tex:2573 mv:1754 misc:625 imb:22 pmb:187 smb:2095 d:- ref:0 ;
in:554 out:551 type:P dur:2 cpbdur:2 q:26.26 aq:17.16 tex:49961 mv:4136 misc:1359 imb:121 pmb:564 smb:1619 d:- ref:0 ;
in:552 out:552 type:B dur:2 cpbdur:2 q:26.26 aq:22.81 tex:4782 mv:2558 misc:884 imb:27 pmb:283 smb:1994 d:- ref:0 ;
in:551 out:553 type:b dur:2 cpbdur:2 q:26.26 aq:20.83 tex:2082 mv:1741 misc:609 imb:17 pmb:186 smb:2101 d:- ref:0 ;
in:553 out:554 type:b dur:2 cpbdur:2 q:26.26 aq:29.10 tex:1835 mv:1587 misc:634 imb:12 pmb:180 smb:2112 d:- ref:0 ;
in:558 out:555 type:P dur:2 cpbdur:2 q:26.26 aq:15.89 tex:40124 mv:3873 misc:1235 imb:103 pmb:521 smb:1680 d:- ref:0 ;
in:556 out:556 type:B dur:2 cpbdur:2 q:26.26 aq:22.66 tex:4454 mv:2465 misc:889 imb:18 pmb:275 smb:2011 d:- ref:0 ;
in:555 out:557 type:b dur:2 cpbdur:2 q:26.26 aq:20.75 tex:1837 mv:1487 misc:636 imb:0 pmb:178 smb:2126 d:- ref:0 ;
in:557 out:558 type:b dur:2 cpbdur:2 q:26.26 aq:21.39 tex:1773 mv:1531 misc:616 imb:2 pmb:166 smb:2136 d:- ref:0 ;
in:560 out:559 type:P dur:2 cpbdur:2 q:26.26 aq:16.41 tex:35725 mv:3069 misc:1070 imb:52 pmb:464 smb:1788 d:- ref:0 ;
in:559 out:560 type:b dur:2 cpbdur:2 q:26.26 aq:22.85 tex:1540 mv:1461 misc:615 imb:2 pmb:172 smb:2130 d:- ref:0 ;
in:562 out:561 type:P dur:2 cpbdur:2 q:26.26 aq:15.55 tex:36485 mv:3008 misc:1019 imb:30 pmb:473 smb:1801 d:- ref:0 ;
in:561 out:562 type:b dur:2 cpbdur:2 q:26.26 aq:22.60 tex:1503 mv:1702 misc:627 imb:0 pmb:191 smb:2113 d:- ref:0 ;
in:565 out:563 type:P dur:2 cpbdur:2 q:26.26 aq:16.67 tex:60343 mv:4776 misc:1113 imb:130 pmb:562 smb:1612 d:- ref:0 ;
in:563 out:564 type:B dur:2 cpbdur:2 q:26.26 aq:22.16 tex:4054 mv:2908 misc:734 imb:5 pmb:267 smb:2032 d:- ref:0 ;
in:564 out:565 type:b dur:2 cpbdur:2 q:26.26 aq:23.38 tex:3112 mv:2423 misc:729 imb:3 pmb:268 smb:2033 d:- ref:0 ;
in:569 out:566 type:P dur:2 cpbdur:2 q:26.26 aq:15.22 tex:54942 mv:4285 misc:1173 imb:57 pmb:561 smb:1686 d:- ref:0 ;
in:567 out:567 type:B dur:2 cpbdur:2 q:26.26 aq:22.13 tex:5215 mv:2979 misc:798 imb:4 pmb:302 smb:1998 d:- ref:0 ;
in:566 out:568 type:b dur:2 cpbdur:2 q:26.26 aq:23.57 tex:2532 mv:1949 misc:679 imb:4 pmb:218 smb:2082 d:- ref:0 ;
in:568 out:569 type:b dur:2 cpbdur:2 q:26.26 aq:22.87 tex:1618 mv:1746 misc:684 imb:0 pmb:201 smb:2103 d:- ref:0 ;
in:573 out:570 type:P dur:2 cpbdur:2 q:26.26 aq:16.35 tex:53110 mv:4324 misc:1150 imb:69 pmb:568 smb:1667 d:- ref:0 ;
in:571 out:571 type:B dur:2 cpbdur:2 q:26.26 aq:21.83 tex:4321 mv:2563 misc:892 imb:4 pmb:299 smb:2001 d:- ref:0 ;
in:570 out:572 type:b dur:2 cpbdur:2 q:26.26 aq:23.42 tex:2367 mv:1706 misc:671 imb:3 pmb:202 smb:2099 d:- ref:0 ;
in:572 out:573 type:b dur:2 cpbdur:2 q:26.26 aq:22.18 tex:2086 mv:1533 misc:645 imb:0 pmb:184 smb:2120 d:- ref:0 ;
in:576 out:574 type:P dur:2 cpbdur:2 q:26.26 aq:16.62 tex:43044 mv:3738 misc:1186 imb:84 pmb:554 smb:1666 d:- ref:0 ;
in:574 out:575 type:B dur:2 cpbdur:2 q:26.26 aq:26.61 tex:4351 mv:2101 misc:684 imb:14 pmb:230 smb:2060 d:- ref:0 ;
in:575 out:576 type:b dur:2 cpbdur:2 q:26.26 aq:24.56 tex:2033 mv:1544 misc:679 imb:8 pmb:180 smb:2116 d:- ref:0 ;
in:579 out:577 type:P dur:2 cpbdur:2 q:26.26 aq:16.27 tex:39674 mv:3773 misc:1113 imb:77 pmb:544 smb:1683 d:- ref:0 ;
in:577 out:578 type:B dur:2 cpbdur:2 q:26.26 aq:23.57 tex:3607 mv:2183 misc:746 imb:10 pmb:245 smb:2049 d:- ref:0 ;
in:578 out:579 type:b dur:2 cpbdur:2 q:26.26 aq:27.70 tex:2024 mv:1451 misc:629 imb:1 pmb:189 smb:2114 d:- ref:0 ;
in:582 out:580 type:P dur:2 cpbdur:2 q:26.26 aq:17.09 tex:45216 mv:3795 misc:1093 imb:70 pmb:520 smb:1714 d:- ref:0 ;
in:580 out:581 type:B dur:2 cpbdur:2 q:26.26 aq:26.02 tex:4262 mv:2101 misc:701 imb:15 pmb:223 smb:2066 d:- ref:0 ;
in:581 out:582 type:b dur:2 cpbdur:2 q:26.26 aq:23.17 tex:3114 mv:1742 misc:608 imb:13 pmb:188 smb:2103 d:- ref:0 ;
in:585 out:583 type:P dur:2 cpbdur:2 q:26.26 aq:15.20 tex:48492 mv:3543 misc:1093 imb:66 pmb:484 smb:1754 d:- ref:0 ;
in:583 out:584 type:B dur:2 cpbdur:2 q:26.26 aq:25.68 tex:4032 mv:1617 misc:727 imb:5 pmb:203 smb:2096 d:- ref:0 ;
in:584 out:585 type:b dur:2 cpbdur:2 q:26.26 aq:26.66 tex:2566 mv:1379 misc:591 imb:2 pmb:173 smb:2129 d:- ref:0 ;
in:587 out:586 type:P dur:2 cpbdur:2 q:26.26 aq:16.20 tex:39536 mv:2597 misc:1075 imb:42 pmb:454 smb:1808 d:- ref:0 ;
in:586 out:587 type:b dur:2 cpbdur:2 q:26.26 aq:21.63 tex:3224 mv:1303 misc:513 imb:2 pmb:154 smb:2148 d:- ref:0 ;
in:590 out:588 type:P dur:2 cpbdur:2 q:26.26 aq:16.45 tex:50812 mv:3429 misc:1159 imb:62 pmb:506 smb:1736 d:- ref:0 ;
in:588 out:589 type:B dur:2 cpbdur:2 q:26.26 aq:24.77 tex:5647 mv:1807 misc:738 imb:6 pmb:226 smb:2072 d:- ref:0 ;
in:589 out:590 type:b dur:2 cpbdur:2 q:26.26 aq:26.45 tex:1332 mv:1367 misc:589 imb:0 pmb:171 smb:2133 d:- ref:0 ;
in:593 out:591 type:P dur:2 cpbdur:2 q:26.26 aq:17.98 tex:44013 mv:3071 misc:1332 imb:43 pmb:568 smb:1693 d:- ref:0 ;
in:591 out:592 type:B dur:2 cpbdur:2 q:26.26 aq:23.78 tex:3165 mv:1651 misc:808 imb:2 pmb:238 smb:2064 d:- ref:0 ;
in:592 out:593 type:b dur:2 cpbdur:2 q:26.26 aq:24.82 tex:1815 mv:1432 misc:649 imb:0 pmb:189 smb:2115 d:- ref:0 ;
in:597 out:594 type:P dur:2 cpbdur:2 q:26.26 aq:18.00 tex:41628 mv:3471 misc:1309 imb:43 pmb:554 smb:1707 d:- ref:0 ;
in:595 out:595 type:B dur:2 cpbdur:2 q:26.26 aq:23.76 tex:4127 mv:1720 misc:777 imb:3 pmb:243 smb:2058 d:- ref:0 ;
in:594 out:596 type:b dur:2 cpbdur:2 q:26.26 aq:24.25 tex:1581 mv:1440 misc:643 imb:0 pmb:179 smb:2125 d:- ref:0 ;
in:596 out:597 type:b dur:2 cpbdur:2 q:26.26 aq:25.94 tex:1346 mv:1303 misc:623 imb:4 pmb:174 smb:2126 d:- ref:0 ;
in:601 out:598 type:P dur:2 cpbdur:2 q:26.26 aq:18.38 tex:44575 mv:3586 misc:1287 imb:44 pmb:578 smb:1682 d:- ref:0 ;
in:599 out:599 type:B dur:2 cpbdur:2 q:26.26 aq:22.45 tex:4669 mv:2006 misc:845 imb:5 pmb:256 smb:2043 d:- ref:0 ;
in:598 out:600 type:b dur:2 cpbdur:2 q:26.26 aq:27.07 tex:1791 mv:1428 misc:637 imb:0 pmb:174 smb:2130 d:- ref:0 ;
in:600 out:601 type:b dur:2 cpbdur:2 q:26.26 aq:25.46 tex:2409 mv:1510 misc:641 imb:2 pmb:186 smb:2116 d:- ref:0 ;
in:603 out:602 type:P dur:2 cpbdur:2 q:26.26 aq:17.53 tex:33245 mv:2659 misc:1200 imb:34 pmb:463 smb:1807 d:- ref:0 ;
in:602 out:603 type:b dur:2 cpbdur:2 q:26.26 aq:22.40 tex:2492 mv:1405 misc:623 imb:1 pmb:168 smb:2135 d:- ref:0 ;
in:607 out:604 type:P dur:2 cpbdur:2 q:26.26 aq:17.64 tex:44932 mv:3411 misc:1193 imb:52 pmb:536 smb:1716 d:- ref:0 ;
in:605 out:605 type:B dur:2 cpbdur:2 q:26.26 aq:23.40 tex:4991 mv:2054 misc:827 imb:6 pmb:250 smb:2048 d:- ref:0 ;
in:604 out:606 type:b dur:2 cpbdur:2 q:26.26 aq:24.24 tex:2955 mv:1647 misc:670 imb:4 pmb:192 smb:2108 d:- ref:0 ;
in:606 out:607 type:b dur:2 cpbdur:2 q:26.26 aq:29.70 tex:2847 mv:1406 misc:587 imb:5 pmb:163 smb:2136 d:- ref:0 ;
in:611 out:608 type:P dur:2 cpbdur:2 q:26.26 aq:19.43 tex:42643 mv:3461 misc:1248 imb:75 pmb:542 smb:1687 d:- ref:0 ;
in:609 out:609 type:B dur:2 cpbdur:2 q:26.26 aq:23.54 tex:4518 mv:2209 misc:897 imb:17 pmb:257 smb:2030 d:- ref:0 ;
in:608 out:610 type:b dur:2 cpbdur:2 q:26.26 aq:25.59 tex:2602 mv:1496 misc:646 imb:7 pmb:173 smb:2124 d:- ref:0 ;
in:610 out:611 type:b dur:2 cpbdur:2 q:26.26 aq:23.35 tex:2943 mv:1509 misc:676 imb:3 pmb:193 smb:2108 d:- ref:0 ;
in:614 out:612 type:P dur:2 cpbdur:2 q:26.26 aq:19.51 tex:46738 mv:3815 misc:1095 imb:99 pmb:525 smb:1680 d:- ref:0 ;
in:612 out:613 type:B dur:2 cpbdur:2 q:26.26 aq:23.57 tex:5826 mv:2443 misc:859 imb:13 pmb:278 smb:2013 d:- ref:0 ;
in:613 out:614 type:b dur:2 cpbdur:2 q:26.26 aq:21.82 tex:2691 mv:1843 misc:762 imb:7 pmb:215 smb:2082 d:- ref:0 ;
in:618 out:615 type:P dur:2 cpbdur:2 q:26.26 aq:17.07 tex:219609 mv:11240 misc:655 imb:508 pmb:1700 smb:96 d:- ref:0 ;
in:616 out:616 type:B dur:2 cpbdur:2 q:26.26 aq:19.20 tex:4217 mv:2347 misc:1172 imb:20 pmb:352 smb:1932 d:- ref:0 ;
in:615 out:617 type:b dur:2 cpbdur:2 q:26.26 aq:18.18 tex:4008 mv:2103 misc:1417 imb:6 pmb:446 smb:1852 d:- ref:0 ;
in:617 out:618 type:b dur:2 cpbdur:2 q:26.26 aq:23.93 tex:1266 mv:1335 misc:575 imb:6 pmb:159 smb:2139 d:- ref:0 ;
in:622 out:619 type:P dur:2 cpbdur:2 q:26.26 aq:17.67 tex:47012 mv:3937 misc:1883 imb:54 pmb:838 smb:1412 d:- ref:0 ;
in:620 out:620 type:B dur:2 cpbdur:2 q:26.26 aq:24.32 tex:4447 mv:2397 misc:708 imb:10 pmb:277 smb:2017 d:- ref:0 ;
in:619 out:621 type:b dur:2 cpbdur:2 q:26.26 aq:25.24 tex:1851 mv:1487 misc:606 imb:4 pmb:185 smb:2115 d:- ref:0 ;
in:621 out:622 type:b dur:2 cpbdur:2 q:26.26 aq:29.70 tex:2619 mv:1756 misc:625 imb:6 pmb:220 smb:2078 d:- ref:0 ;
in:626 out:623 type:P dur:2 cpbdur:2 q:26.26 aq:17.00 tex:42345 mv:3628 misc:1315 imb:46 pmb:573 smb:1685 d:- ref:0 ;
in:624 out:624 type:B dur:2 cpbdur:2 q:26.26 aq:22.69 tex:5370 mv:2699 misc:715 imb:9 pmb:295 smb:2000 d:- ref:0 ;
in:623 out:625 type:b dur:2 cpbdur:2 q:26.26 aq:29.35 tex:2191 mv:1821 misc:692 imb:1 pmb:216 smb:2087 d:- ref:0 ;
in:625 out:626 type:b dur:2 cpbdur:2 q:26.26 aq:24.17 tex:2248 mv:1815 misc:625 imb:7 pmb:200 smb:2097 d:- ref:0 ;
in:630 out:627 type:P dur:2 cpbdur:2 q:26.26 aq:16.41 tex:44263 mv:3733 misc:1204 imb:62 pmb:549 smb:1693 d:- ref:0 ;
in:628 out:628 type:B dur:2 cpbdur:2 q:26.26 aq:25.11 tex:5121 mv:2687 misc:736 imb:10 pmb:299 smb:1995 d:- ref:0 ;
in:627 out:629 type:b dur:2 cpbdur:2 q:26.26 aq:25.36 tex:2145 mv:1751 misc:632 imb:8 pmb:195 smb:2101 d:- ref:0 ;
in:629 out:630 type:b dur:2 cpbdur:2 q:26.26 aq:27.42 tex:2448 mv:1760 misc:648 imb:6 pmb:207 smb:2091 d:- ref:0 ;
in:632 out:631 type:P dur:2 cpbdur:2 q:26.26 aq:17.63 tex:33798 mv:3070 misc:1172 imb:29 pmb:528 smb:1747 d:- ref:0 ;
in:631 out:632 type:b dur:2 cpbdur:2 q:26.26 aq:26.72 tex:2121 mv:1561 misc:622 imb:5 pmb:176 smb:2123 d:- ref:0 ;
in:635 out:633 type:P dur:2 cpbdur:2 q:26.26 aq:17.55 tex:32572 mv:3053 misc:1063 imb:40 pmb:494 smb:1770 d:- ref:0 ;
in:633 out:634 type:B dur:2 cpbdur:2 q:26.26 aq:26.41 tex:3716 mv:2180 misc:680 imb:7 pmb:239 smb:2058 d:- ref:0 ;
in:634 out:635 type:b dur:2 cpbdur:2 q:26.26 aq:28.15 tex:2737 mv:1579 misc:564 imb:7 pmb:188 smb:2109 d:- ref:0 ;
in:639 out:636 type:P dur:2 cpbdur:2 q:26.26 aq:16.95 tex:50693 mv:3882 misc:1089 imb:63 pmb:546 smb:1695 d:- ref:0 ;
in:637 out:637 type:B dur:2 cpbdur:2 q:26.26 aq:26.59 tex:6490 mv:2446 misc:792 imb:10 pmb:316 smb:1978 d:- ref:0 ;
in:636 out:638 type:b dur:2 cpbdur:2 q:26.26 aq:24.64 tex:4166 mv:2168 misc:746 imb:7 pmb:267 smb:2030 d:- ref:0 ;
in:638 out:639 type:b dur:2 cpbdur:2 q:26.26 aq:24.78 tex:2879 mv:1663 misc:626 imb:2 pmb:208 smb:2094 d:- ref:0 ;
in:641 out:640 type:P dur:2 cpbdur:2 q:26.26 aq:15.92 tex:32201 mv:2595 misc:1092 imb:38 pmb:449 smb:1817 d:- ref:0 ;
in:640 out:641 type:b dur:2 cpbdur:2 q:26.26 aq:26.69 tex:3778 mv:1695 misc:607 imb:4 pmb:201 smb:2099 d:- ref:0 ;
in:645 out:642 type:P dur:2 cpbdur:2 q:26.26 aq:17.65 tex:44321 mv:3314 misc:1141 imb:56 pmb:526 smb:1722 d:- ref:0 ;
in:643 out:643 type:B dur:2 cpbdur:2 q:26.26 aq:25.77 tex:6696 mv:2249 misc:751 imb:14 pmb:271 smb:2019 d:- ref:0 ;
in:642 out:644 type:b dur:2 cpbdur:2 q:26.26 aq:28.08 tex:3473 mv:1692 misc:659 imb:11 pmb:204 smb:2089 d:- ref:0 ;
in:644 out:645 type:b dur:2 cpbdur:2 q:26.26 aq:26.89 tex:3073 mv:1564 misc:595 imb:9 pmb:185 smb:2110 d:- ref:0 ;
in:648 out:646 type:P dur:2 cpbdur:2 q:26.26 aq:16.32 tex:31474 mv:3171 misc:1171 imb:53 pmb:504 smb:1747 d:- ref:0 ;
in:646 out:647 type:B dur:2 cpbdur:2 q:26.26 aq:23.24 tex:4006 mv:1846 misc:676 imb:10 pmb:243 smb:2051 d:- ref:0 ;
in:647 out:648 type:b dur:2 cpbdur:2 q:26.26 aq:24.73 tex:2892 mv:1476 misc:616 imb:6 pmb:199 smb:2099 d:- ref:0 ;
in:652 out:649 type:P dur:2 cpbdur:2 q:26.26 aq:18.32 tex:38420 mv:3199 misc:1133 imb:59 pmb:498 smb:1747 d:- ref:0 ;
in:650 out:650 type:B dur:2 cpbdur:2 q:26.26 aq:23.89 tex:5734 mv:2182 misc:732 imb:11 pmb:268 smb:2025 d:- ref:0 ;
in:649 out:651 type:b dur:2 cpbdur:2 q:26.26 aq:22.46 tex:3708 mv:1591 misc:637 imb:8 pmb:196 smb:2100 d:- ref:0 ;
in:651 out:652 type:b dur:2 cpbdur:2 q:26.26 aq:21.91 tex:2470 mv:1594 misc:616 imb:6 pmb:199 smb:2099 d:- ref:0 ;
in:655 out:653 type:P dur:2 cpbdur:2 q:26.26 aq:17.55 tex:45349 mv:3699 misc:1272 imb:58 pmb:603 smb:1643 d:- ref:0 ;
in:653 out:654 type:B dur:2 cpbdur:2 q:26.26 aq:26.66 tex:4722 mv:2124 misc:770 imb:11 pmb:261 smb:2032 d:- ref:0 ;
in:654 out:655 type:b dur:2 cpbdur:2 q:26.26 aq:29.58 tex:2034 mv:1640 misc:598 imb:12 pmb:184 smb:2108 d:- ref:0 ;
in:659 out:656 type:P dur:2 cpbdur:2 q:26.26 aq:17.38 tex:47200 mv:3890 misc:1270 imb:76 pmb:601 smb:1627 d:- ref:0 ;
in:657 out:657 type:B dur:2 cpbdur:2 q:26.26 aq:23.58 tex:4470 mv:2169 misc:865 imb:12 pmb:276 smb:2016 d:- ref:0 ;
in:656 out:658 type:b dur:2 cpbdur:2 q:26.26 aq:23.62 tex:2480 mv:1623 misc:673 imb:8 pmb:206 smb:2090 d:- ref:0 ;
in:658 out:659 type:b dur:2 cpbdur:2 q:26.26 aq:22.07 tex:1570 mv:1497 misc:597 imb:6 pmb:170 smb:2128 d:- ref:0 ;
in:660 out:660 type:P dur:2 cpbdur:2 q:26.26 aq:17.27 tex:38079 mv:3030 misc:1219 imb:42 pmb:545 smb:1717 d:- ref:0 ;
in:662 out:661 type:P dur:2 cpbdur:2 q:26.26 aq:17.50 tex:35590 mv:2804 misc:1174 imb:36 pmb:506 smb:1762 d:- ref:0 ;
in:661 out:662 type:b dur:2 cpbdur:2 q:26.26 aq:20.20 tex:1415 mv:1486 misc:579 imb:5 pmb:171 smb:2128 d:- ref:0 ;
in:666 out:663 type:P dur:2 cpbdur:2 q:26.26 aq:17.48 tex:43748 mv:3824 misc:1260 imb:54 pmb:574 smb:1676 d:- ref:0 ;
in:664 out:664 type:B dur:2 cpbdur:2 q:26.26 aq:21.63 tex:4427 mv:2170 misc:811 imb:10 pmb:273 smb:2021 d:- ref:0 ;
in:663 out:665 type:b dur:2 cpbdur:2 q:26.26 aq:21.46 tex:2762 mv:1659 misc:651 imb:5 pmb:205 smb:2094 d:- ref:0 ;
in:665 out:666 type:b dur:2 cpbdur:2 q:26.26 aq:20.42 tex:1920 mv:1466 misc:630 imb:2 pmb:183 smb:2119 d:- ref:0 ;
in:668 out:667 type:P dur:2 cpbdur:2 q:26.26 aq:17.07 tex:33576 mv:2757 misc:1179 imb:37 pmb:499 smb:1768 d:- ref:0 ;
in:667 out:668 type:b dur:2 cpbdur:2 q:26.26 aq:24.15 tex:1873 mv:1399 misc:592 imb:1 pmb:178 smb:2125 d:- ref:0 ;
in:670 out:669 type:P dur:2 cpbdur:2 q:26.26 aq:16.79 tex:34813 mv:3276 misc:1287 imb:43 pmb:541 smb:1720 d:- ref:0 ;
in:669 out:670 type:b dur:2 cpbdur:2 q:26.26 aq:21.84 tex:2465 mv:1424 misc:655 imb:1 pmb:181 smb:2122 d:- ref:0 ;
in:672 out:671 type:P dur:2 cpbdur:2 q:26.26 aq:16.49 tex:33688 mv:3045 misc:1083 imb:39 pmb:523 smb:1742 d:- ref:0 ;
in:671 out:672 type:b dur:2 cpbdur:2 q:26.26 aq:22.41 tex:2472 mv:1480 misc:640 imb:1 pmb:199 smb:2104 d:- ref:0 ;
in:676 out:673 type:P dur:2 cpbdur:2 q:26.26 aq:16.13 tex:45993 mv:4408 misc:1287 imb:68 pmb:642 smb:1594 d:- ref:0 ;
in:674 out:674 type:B dur:2 cpbdur:2 q:26.26 aq:21.84 tex:5698 mv:2403 misc:963 imb:4 pmb:320 smb:1980 d:- ref:0 ;
in:673 out:675 type:b dur:2 cpbdur:2 q:26.26 aq:24.52 tex:2548 mv:1611 misc:681 imb:2 pmb:198 smb:2104 d:- ref:0 ;
in:675 out:676 type:b dur:2 cpbdur:2 q:26.26 aq:20.94 tex:2442 mv:1503 misc:671 imb:8 pmb:179 smb:2117 d:- ref:0 ;
in:678 out:677 type:P dur:2 cpbdur:2 q:26.26 aq:16.99 tex:37061 mv:3342 misc:1213 imb:36 pmb:576 smb:1692 d:- ref:0 ;
in:677 out:678 type:b dur:2 cpbdur:2 q:26.26 aq:24.47 tex:2132 mv:1585 misc:603 imb:3 pmb:180 smb:2121 d:- ref:0 ;
in:680 out:679 type:P dur:2 cpbdur:2 q:26.26 aq:16.58 tex:35144 mv:3240 misc:1200 imb:29 pmb:581 smb:1694 d:- ref:0 ;
in:679 out:680 type:b dur:2 cpbdur:2 q:26.26 aq:24.35 tex:2444 mv:1787 misc:665 imb:5 pmb:188 smb:2111 d:- ref:0 ;
in:682 out:681 type:P dur:2 cpbdur:2 q:26.26 aq:16.49 tex:37803 mv:3519 misc:1286 imb:36 pmb:598 smb:1670 d:- ref:0 ;
in:681 out:682 type:b dur:2 cpbdur:2 q:26.26 aq:25.10 tex:2628 mv:1861 misc:639 imb:5 pmb:197 smb:2102 d:- ref:0 ;
in:684 out:683 type:P dur:2 cpbdur:2 q:26.26 aq:16.13 tex:42897 mv:4005 misc:1266 imb:58 pmb:604 smb:1642 d:- ref:0 ;
in:683 out:684 type:b dur:2 cpbdur:2 q:26.26 aq:23.46 tex:2653 mv:2262 misc:685 imb:7 pmb:225 smb:2072 d:- ref:0 ;
in:688 out:685 type:P dur:2 cpbdur:2 q:26.26 aq:16.20 tex:45088 mv:4310 misc:1314 imb:65 pmb:586 smb:1653 d:- ref:0 ;
in:686 out:686 type:B dur:2 cpbdur:2 q:26.26 aq:21.43 tex:4947 mv:2631 misc:846 imb:2 pmb:311 smb:1991 d:- ref:0 ;
in:685 out:687 type:b dur:2 cpbdur:2 q:26.26 aq:23.66 tex:2168 mv:1768 misc:712 imb:5 pmb:202 smb:2097 d:- ref:0 ;
in:687 out:688 type:b dur:2 cpbdur:2 q:26.26 aq:23.15 tex:1779 mv:1736 misc:661 imb:2 pmb:199 smb:2103 d:- ref:0 ;
in:692 out:689 type:P dur:2 cpbdur:2 q:26.26 aq:16.86 tex:48829 mv:4026 misc:1297 imb:56 pmb:595 smb:1653 d:- ref:0 ;
in:690 out:690 type:B dur:2 cpbdur:2 q:26.26 aq:21.62 tex:4966 mv:2553 misc:849 imb:6 pmb:287 smb:2011 d:- ref:0 ;
in:689 out:691 type:b dur:2 cpbdur:2 q:26.26 aq:24.54 tex:2550 mv:1583 misc:651 imb:2 pmb:197 smb:2105 d:- ref:0 ;
in:691 out:692 type:b dur:2 cpbdur:2 q:26.26 aq:25.57 tex:1989 mv:1563 misc:624 imb:3 pmb:184 smb:2117 d:- ref:0 ;
in:694 out:693 type:P dur:2 cpbdur:2 q:26.26 aq:16.88 tex:36662 mv:3186 misc:1192 imb:35 pmb:533 smb:1736 d:- ref:0 ;
in:693 out:694 type:b dur:2 cpbdur:2 q:26.26 aq:24.42 tex:1866 mv:1452 misc:538 imb:3 pmb:166 smb:2135 d:- ref:0 ;
in:698 out:695 type:P dur:2 cpbdur:2 q:26.26 aq:16.36 tex:46493 mv:4199 misc:1316 imb:74 pmb:594 smb:1636 d:- ref:0 ;
in:696 out:696 type:B dur:2 cpbdur:2 q:26.26 aq:22.65 tex:5736 mv:2514 misc:822 imb:8 pmb:267 smb:2029 d:- ref:0 ;
in:695 out:697 type:b dur:2 cpbdur:2 q:26.26 aq:24.09 tex:2276 mv:1559 misc:653 imb:2 pmb:189 smb:2113 d:- ref:0 ;
in:697 out:698 type:b dur:2 cpbdur:2 q:26.26 aq:21.00 tex:2127 mv:1520 misc:633 imb:2 pmb:183 smb:2119 d:- ref:0 ;
in:701 out:699 type:P dur:2 cpbdur:2 q:26.26 aq:17.87 tex:46704 mv:3535 misc:1353 imb:51 pmb:611 smb:1642 d:- ref:0 ;
in:699 out:700 type:B dur:2 cpbdur:2 q:26.26 aq:24.79 tex:3741 mv:1836 misc:751 imb:6 pmb:229 smb:2069 d:- ref:0 ;
in:700 out:701 type:b dur:2 cpbdur:2 q:26.26 aq:23.18 tex:1839 mv:1627 misc:646 imb:3 pmb:192 smb:2109 d:- ref:0 ;
in:704 out:702 type:P dur:2 cpbdur:2 q:26.26 aq:17.14 tex:43120 mv:3773 misc:1347 imb:75 pmb:564 smb:1665 d:- ref:0 ;
in:702 out:703 type:B dur:2 cpbdur:2 q:26.26 aq:20.81 tex:3192 mv:1802 misc:718 imb:9 pmb:220 smb:2075 d:- ref:0 ;
in:703 out:704 type:b dur:2 cpbdur:2 q:26.26 aq:20.86 tex:2595 mv:1575 misc:758 imb:5 pmb:213 smb:2086 d:- ref:0 ;
in:706 out:705 type:P dur:2 cpbdur:2 q:26.26 aq:16.82 tex:40486 mv:3122 misc:1272 imb:52 pmb:513 smb:1739 d:- ref:0 ;
in:705 out:706 type:b dur:2 cpbdur:2 q:26.26 aq:22.00 tex:2213 mv:1477 misc:670 imb:0 pmb:183 smb:2121 d:- ref:0 ;
in:709 out:707 type:P dur:2 cpbdur:2 q:26.26 aq:17.17 tex:47984 mv:4117 misc:1315 imb:72 pmb:601 smb:1631 d:- ref:0 ;
in:707 out:708 type:B dur:2 cpbdur:2 q:26.26 aq:22.49 tex:2963 mv:2086 misc:751 imb:3 pmb:232 smb:2069 d:- ref:0 ;
in:708 out:709 type:b dur:2 cpbdur:2 q:26.26 aq:21.68 tex:2402 mv:1862 misc:784 imb:7 pmb:233 smb:2064 d:- ref:0 ;
in:713 out:710 type:P dur:2 cpbdur:2 q:26.26 aq:15.96 tex:57916 mv:4542 misc:1222 imb:88 pmb:543 smb:1673 d:- ref:0 ;
in:711 out:711 type:B dur:2 cpbdur:2 q:26.26 aq:22.02 tex:5943 mv:2842 misc:847 imb:12 pmb:292 smb:2000 d:- ref:0 ;
in:710 out:712 type:b dur:2 cpbdur:2 q:26.26 aq:22.19 tex:2848 mv:1744 misc:608 imb:4 pmb:192 smb:2108 d:- ref:0 ;
in:712 out:713 type:b dur:2 cpbdur:2 q:26.26 aq:22.95 tex:2646 mv:1800 misc:682 imb:2 pmb:202 smb:2100 d:- ref:0 ;
in:717 out:714 type:P dur:2 cpbdur:2 q:26.26 aq:16.87 tex:59952 mv:4377 misc:1119 imb:90 pmb:544 smb:1670 d:- ref:0 ;
in:715 out:715 type:B dur:2 cpbdur:2 q:26.26 aq:23.48 tex:5691 mv:3042 misc:819 imb:10 pmb:304 smb:1990 d:- ref:0 ;
in:714 out:716 type:b dur:2 cpbdur:2 q:26.26 aq:22.75 tex:2508 mv:2041 misc:739 imb:7 pmb:214 smb:2083 d:- ref:0 ;
in:716 out:717 type:b dur:2 cpbdur:2 q:26.26 aq:21.63 tex:2460 mv:1945 misc:659 imb:8 pmb:199 smb:2097 d:- ref:0 ;
in:719 out:718 type:P dur:2 cpbdur:2 q:26.26 aq:16.82 tex:36621 mv:3130 misc:1089 imb:44 pmb:504 smb:1756 d:- ref:0 ;
in:718 out:719 type:b dur:2 cpbdur:2 q:26.26 aq:25.19 tex:1874 mv:1724 misc:650 imb:5 pmb:191 smb:2108 d:- ref:0 ;
in:723 out:720 type:P dur:2 cpbdur:2 q:26.26 aq:18.51 tex:48665 mv:4054 misc:1249 imb:79 pmb:580 smb:1645 d:- ref:0 ;
in:721 out:721 type:B dur:2 cpbdur:2 q:26.26 aq:21.67 tex:4600 mv:2753 misc:831 imb:14 pmb:286 smb:2004 d:- ref:0 ;
in:720 out:722 type:b dur:2 cpbdur:2 q:26.26 aq:21.78 tex:2673 mv:1740 misc:699 imb:3 pmb:216 smb:2085 d:- ref:0 ;
in:722 out:723 type:b dur:2 cpbdur:2 q:26.26 aq:23.07 tex:2262 mv:1740 misc:702 imb:8 pmb:212 smb:2084 d:- ref:0 ;
in:726 out:724 type:P dur:2 cpbdur:2 q:26.26 aq:18.48 tex:44422 mv:3640 misc:1226 imb:59 pmb:565 smb:1680 d:- ref:0 ;
in:724 out:725 type:B dur:2 cpbdur:2 q:26.26 aq:21.69 tex:3327 mv:1891 misc:814 imb:6 pmb:253 smb:2045 d:- ref:0 ;
in:725 out:726 type:b dur:2 cpbdur:2 q:26.26 aq:22.72 tex:2321 mv:1469 misc:674 imb:6 pmb:190 smb:2108 d:- ref:0 ;
in:729 out:727 type:P dur:2 cpbdur:2 q:26.26 aq:18.46 tex:30987 mv:3361 misc:1276 imb:39 pmb:541 smb:1724 d:- ref:0 ;
in:727 out:728 type:B dur:2 cpbdur:2 q:26.26 aq:23.44 tex:2796 mv:1516 misc:672 imb:1 pmb:205 smb:2098 d:- ref:0 ;
in:728 out:729 type:b dur:2 cpbdur:2 q:26.26 aq:23.09 tex:1649 mv:1344 misc:639 imb:0 pmb:187 smb:2117 d:- ref:0 ;
in:731 out:730 type:P dur:2 cpbdur:2 q:26.26 aq:19.57 tex:30540 mv:2951 misc:1109 imb:26 pmb:512 smb:1766 d:- ref:0 ;
in:730 out:731 type:b dur:2 cpbdur:2 q:26.26 aq:22.93 tex:1356 mv:1318 misc:606 imb:0 pmb:181 smb:2123 d:- ref:0 ;
in:733 out:732 type:P dur:2 cpbdur:2 q:26.26 aq:18.50 tex:39571 mv:3237 misc:1256 imb:48 pmb:538 smb:1718 d:- ref:0 ;
in:732 out:733 type:b dur:2 cpbdur:2 q:26.26 aq:23.54 tex:2207 mv:1673 misc:776 imb:6 pmb:213 smb:2085 d:- ref:0 ;
in:735 out:734 type:P dur:2 cpbdur:2 q:26.26 aq:17.57 tex:192626 mv:10668 misc:994 imb:511 pmb:1563 smb:230 d:- ref:0 ;
in:734 out:735 type:b dur:2 cpbdur:2 q:26.26 aq:21.56 tex:2205 mv:1957 misc:1366 imb:8 pmb:398 smb:1898 d:- ref:0 ;
in:738 out:736 type:P dur:2 cpbdur:2 q:26.26 aq:17.66 tex:22807 mv:2740 misc:1765 imb:22 pmb:606 smb:1676 d:- ref:0 ;
in:736 out:737 type:B dur:2 cpbdur:2 q:26.26 aq:16.88 tex:1737 mv:1309 misc:586 imb:6 pmb:152 smb:2146 d:- ref:0 ;
in:737 out:738 type:b dur:2 cpbdur:2 q:26.26 aq:18.55 tex:1680 mv:1337 misc:559 imb:3 pmb:157 smb:2144 d:- ref:0 ;
in:742 out:739 type:P dur:2 cpbdur:2 q:26.26 aq:17.12 tex:24944 mv:3038 misc:1242 imb:21 pmb:490 smb:1793 d:- ref:0 ;
in:740 out:740 type:B dur:2 cpbdur:2 q:26.26 aq:22.44 tex:3936 mv:1971 misc:725 imb:5 pmb:242 smb:2057 d:- ref:0 ;
in:739 out:741 type:b dur:2 cpbdur:2 q:26.26 aq:19.87 tex:1900 mv:1336 misc:588 imb:2 pmb:171 smb:2131 d:- ref:0 ;
in:741 out:742 type:b dur:2 cpbdur:2 q:26.26 aq:21.42 tex:1861 mv:1290 misc:521 imb:0 pmb:164 smb:2140 d:- ref:0 ;
in:746 out:743 type:P dur:2 cpbdur:2 q:26.26 aq:17.30 tex:23736 mv:3176 misc:1136 imb:26 pmb:486 smb:1792 d:- ref:0 ;
in:744 out:744 type:B dur:2 cpbdur:2 q:26.26 aq:18.97 tex:4062 mv:2035 misc:647 imb:2 pmb:233 smb:2069 d:- ref:0 ;
in:743 out:745 type:b dur:2 cpbdur:2 q:26.26 aq:20.10 tex:2438 mv:1477 misc:573 imb:3 pmb:173 smb:2128 d:- ref:0 ;
in:745 out:746 type:b dur:2 cpbdur:2 q:26.26 aq:20.55 tex:1913 mv:1473 misc:614 imb:1 pmb:180 smb:2123 d:- ref:0 ;
in:749 out:747 type:P dur:2 cpbdur:2 q:26.26 aq:21.95 tex:5116 mv:2160 misc:804 imb:19 pmb:267 smb:2018 d:- ref:0 ;
in:747 out:748 type:B dur:2 cpbdur:2 q:26.26 aq:21.15 tex:2814 mv:1448 misc:586 imb:1 pmb:185 smb:2118 d:- ref:0 ;
in:748 out:749 type:b dur:2 cpbdur:2 q:26.26 aq:22.04 tex:3156 mv:1452 misc:632 imb:2 pmb:189 smb:2113 d:- ref:0 ;
in:750 out:750 type:I dur:2 cpbdur:2 q:23.35 aq:16.27 tex:634608 mv:66880 misc:504 imb:2304 pmb:0 smb:0 d:- ref:;
in:752 out:751 type:P dur:2 cpbdur:2 q:26.26 aq:17.63 tex:15921 mv:2350 misc:1049 imb:19 pmb:395 smb:1890 d:- ref:0 ;
in:751 out:752 type:b dur:2 cpbdur:2 q:26.26 aq:20.52 tex:2064 mv:1448 misc:592 imb:0 pmb:183 smb:2121 d:- ref:0 ;
in:755 out:753 type:P dur:2 cpbdur:2 q:26.26 aq:17.83 tex:19082 mv:2636 misc:882 imb:25 pmb:407 smb:1872 d:- ref:0 ;
in:753 out:754 type:B dur:2 cpbdur:2 q:26.26 aq:21.02 tex:3418 mv:1973 misc:697 imb:1 pmb:248 smb:2055 d:- ref:0 ;
in:754 out:755 type:b dur:2 cpbdur:2 q:26.26 aq:22.77 tex:2344 mv:1449 misc:599 imb:1 pmb:186 smb:2117 d:- ref:0 ;
in:757 out:756 type:P dur:2 cpbdur:2 q:26.26 aq:19.76 tex:21924 mv:2835 misc:897 imb:32 pmb:434 smb:1838 d:- ref:0 ;
in:756 out:757 type:b dur:2 cpbdur:2 q:26.26 aq:24.86 tex:2415 mv:1750 misc:691 imb:1 pmb:218 smb:2085 d:- ref:0 ;
in:761 out:758 type:P dur:2 cpbdur:2 q:26.26 aq:19.82 tex:16919 mv:2629 misc:908 imb:32 pmb:393 smb:1879 d:- ref:0 ;
in:759 out:759 type:B dur:2 cpbdur:2 q:26.26 aq:21.30 tex:5247 mv:2162 misc:735 imb:4 pmb:292 smb:2008 d:- ref:0 ;
in:758 out:760 type:b dur:2 cpbdur:2 q:26.26 aq:18.85 tex:2377 mv:1324 misc:611 imb:1 pmb:182 smb:2121 d:- ref:0 ;
in:760 out:761 type:b dur:2 cpbdur:2 q:26.26 aq:21.66 tex:1973 mv:1363 misc:568 imb:1 pmb:171 smb:2132 d:- ref:0 ;
in:763 out:762 type:P dur:2 cpbdur:2 q:26.26 aq:23.95 tex:10256 mv:1904 misc:816 imb:15 pmb:316 smb:1973 d:- ref:0 ;
in:762 out:763 type:b dur:2 cpbdur:2 q:26.26 aq:18.90 tex:2685 mv:1289 misc:626 imb:1 pmb:191 smb:2112 d:- ref:0 ;
in:764 out:764 type:P dur:2 cpbdur:2 q:26.26 aq:22.14 tex:4120 mv:1275 misc:781 imb:5 pmb:242 smb:2057 d:- ref:0 ;
